<?xml version="1.0" encoding="utf-8"?>
<test-run id="2" testcasecount="144" result="Passed" total="144" passed="144" failed="0" inconclusive="0" skipped="0" asserts="0" engine-version="3.5.0.0" clr-version="4.0.30319.42000" start-time="2026-07-17 13:52:04Z" end-time="2026-07-17 13:53:25Z" duration="80.4482216">
  <test-suite type="TestSuite" id="1184" name="game" fullname="game" runstate="Runnable" testcasecount="144" result="Passed" start-time="2026-07-17 13:52:04Z" end-time="2026-07-17 13:53:25Z" duration="80.448222" total="144" passed="144" failed="0" inconclusive="0" skipped="0" asserts="0">
    <properties>
      <property name="platform" value="PlayMode" />
    </properties>
    <test-suite type="Assembly" id="1173" name="ForgeGame.PlayMode.Tests.dll" fullname="<repo>/game/Library/ScriptAssemblies/ForgeGame.PlayMode.Tests.dll" runstate="Runnable" testcasecount="142" result="Passed" start-time="2026-07-17 13:52:04Z" end-time="2026-07-17 13:53:25Z" duration="80.427410" total="142" passed="142" failed="0" inconclusive="0" skipped="0" asserts="0">
      <properties>
        <property name="_PID" value="3097" />
        <property name="_APPDOMAIN" value="Unity Child Domain" />
        <property name="platform" value="PlayMode" />
        <property name="EditorOnly" value="False" />
      </properties>
      <test-suite type="TestSuite" id="1174" name="ForgeGame" fullname="ForgeGame" runstate="Runnable" testcasecount="142" result="Passed" start-time="2026-07-17 13:52:04Z" end-time="2026-07-17 13:53:25Z" duration="80.426513" total="142" passed="142" failed="0" inconclusive="0" skipped="0" asserts="0">
        <properties />
        <test-suite type="TestSuite" id="1175" name="Tests" fullname="ForgeGame.Tests" runstate="Runnable" testcasecount="142" result="Passed" start-time="2026-07-17 13:52:04Z" end-time="2026-07-17 13:53:25Z" duration="80.426134" total="142" passed="142" failed="0" inconclusive="0" skipped="0" asserts="0">
          <properties />
          <test-suite type="TestSuite" id="1176" name="PlayMode" fullname="ForgeGame.Tests.PlayMode" runstate="Runnable" testcasecount="142" result="Passed" start-time="2026-07-17 13:52:04Z" end-time="2026-07-17 13:53:25Z" duration="80.425232" total="142" passed="142" failed="0" inconclusive="0" skipped="0" asserts="0">
            <properties />
            <test-suite type="TestFixture" id="1001" name="ArenaBackdropSceneTests" fullname="ForgeGame.Tests.PlayMode.ArenaBackdropSceneTests" classname="ForgeGame.Tests.PlayMode.ArenaBackdropSceneTests" runstate="Runnable" testcasecount="3" result="Passed" start-time="2026-07-17 13:52:04Z" end-time="2026-07-17 13:52:06Z" duration="1.405376" total="3" passed="3" failed="0" inconclusive="0" skipped="0" asserts="0">
              <properties />
              <test-case id="1002" name="ArenaBackdrop_RootExists_AndWiresRenderSettingsSkybox" fullname="ForgeGame.Tests.PlayMode.ArenaBackdropSceneTests.ArenaBackdrop_RootExists_AndWiresRenderSettingsSkybox" methodname="ArenaBackdrop_RootExists_AndWiresRenderSettingsSkybox" classname="ForgeGame.Tests.PlayMode.ArenaBackdropSceneTests" runstate="Runnable" seed="1928603477" result="Passed" start-time="2026-07-17 13:52:04Z" end-time="2026-07-17 13:52:05Z" duration="0.565376" asserts="0">
                <properties>
                  <property name="_JOINTYPE" value="UnityCombinatorial" />
                  <property name="retryIteration" value="0" />
                  <property name="repeatIteration" value="0" />
                </properties>
                <output><![CDATA[[Wiring] SessionHolder missing at Game (not loaded via Boot, or session state lost); using base PLAYER_MOVE_SPEED (Lv0)
[Wiring] SessionHolder missing at Game (not loaded via Boot, or session state lost); using base AUTO_ATTACK_DAMAGE_BASE (Lv0)
[Wiring] SessionHolder missing at Game (not loaded via Boot, or session state lost); using base PLAYER_MAX_HP_BASE (Lv0)
]]></output>
              </test-case>
              <test-case id="1003" name="ArenaBackdrop_TextureIsWiredViaGameConfigAssetKey_NotHardcodedPath" fullname="ForgeGame.Tests.PlayMode.ArenaBackdropSceneTests.ArenaBackdrop_TextureIsWiredViaGameConfigAssetKey_NotHardcodedPath" methodname="ArenaBackdrop_TextureIsWiredViaGameConfigAssetKey_NotHardcodedPath" classname="ForgeGame.Tests.PlayMode.ArenaBackdropSceneTests" runstate="Runnable" seed="381599123" result="Passed" start-time="2026-07-17 13:52:05Z" end-time="2026-07-17 13:52:05Z" duration="0.202905" asserts="0">
                <properties>
                  <property name="_JOINTYPE" value="UnityCombinatorial" />
                  <property name="retryIteration" value="0" />
                  <property name="repeatIteration" value="0" />
                </properties>
                <output><![CDATA[[Wiring] SessionHolder missing at Game (not loaded via Boot, or session state lost); using base PLAYER_MOVE_SPEED (Lv0)
[Wiring] SessionHolder missing at Game (not loaded via Boot, or session state lost); using base AUTO_ATTACK_DAMAGE_BASE (Lv0)
[Wiring] SessionHolder missing at Game (not loaded via Boot, or session state lost); using base PLAYER_MAX_HP_BASE (Lv0)
]]></output>
              </test-case>
              <test-case id="1004" name="Capture_BackdropVsForeground_Evidence_ForegroundNotWashedOutAndDistinguishableFromBackground" fullname="ForgeGame.Tests.PlayMode.ArenaBackdropSceneTests.Capture_BackdropVsForeground_Evidence_ForegroundNotWashedOutAndDistinguishableFromBackground" methodname="Capture_BackdropVsForeground_Evidence_ForegroundNotWashedOutAndDistinguishableFromBackground" classname="ForgeGame.Tests.PlayMode.ArenaBackdropSceneTests" runstate="Runnable" seed="1504601225" result="Passed" start-time="2026-07-17 13:52:05Z" end-time="2026-07-17 13:52:06Z" duration="0.625637" asserts="0">
                <properties>
                  <property name="_JOINTYPE" value="UnityCombinatorial" />
                  <property name="retryIteration" value="0" />
                  <property name="repeatIteration" value="0" />
                </properties>
                <output><![CDATA[[Wiring] SessionHolder missing at Game (not loaded via Boot, or session state lost); using base PLAYER_MOVE_SPEED (Lv0)
[Wiring] SessionHolder missing at Game (not loaded via Boot, or session state lost); using base AUTO_ATTACK_DAMAGE_BASE (Lv0)
[Wiring] SessionHolder missing at Game (not loaded via Boot, or session state lost); using base PLAYER_MAX_HP_BASE (Lv0)
]]></output>
              </test-case>
            </test-suite>
            <test-suite type="TestFixture" id="1005" name="ArenaEnvironmentSceneTests" fullname="ForgeGame.Tests.PlayMode.ArenaEnvironmentSceneTests" classname="ForgeGame.Tests.PlayMode.ArenaEnvironmentSceneTests" runstate="Runnable" testcasecount="5" result="Passed" start-time="2026-07-17 13:52:06Z" end-time="2026-07-17 13:52:07Z" duration="1.503893" total="5" passed="5" failed="0" inconclusive="0" skipped="0" asserts="0">
              <properties />
              <test-case id="1006" name="ArenaEnvironment_FloorBoundaryAndSpawnRing_ExistWithNoMaterialErrors" fullname="ForgeGame.Tests.PlayMode.ArenaEnvironmentSceneTests.ArenaEnvironment_FloorBoundaryAndSpawnRing_ExistWithNoMaterialErrors" methodname="ArenaEnvironment_FloorBoundaryAndSpawnRing_ExistWithNoMaterialErrors" classname="ForgeGame.Tests.PlayMode.ArenaEnvironmentSceneTests" runstate="Runnable" seed="543339499" result="Passed" start-time="2026-07-17 13:52:06Z" end-time="2026-07-17 13:52:06Z" duration="0.212871" asserts="0">
                <properties>
                  <property name="_JOINTYPE" value="UnityCombinatorial" />
                  <property name="retryIteration" value="0" />
                  <property name="repeatIteration" value="0" />
                </properties>
                <output><![CDATA[[Wiring] SessionHolder missing at Game (not loaded via Boot, or session state lost); using base PLAYER_MOVE_SPEED (Lv0)
[Wiring] SessionHolder missing at Game (not loaded via Boot, or session state lost); using base AUTO_ATTACK_DAMAGE_BASE (Lv0)
[Wiring] SessionHolder missing at Game (not loaded via Boot, or session state lost); using base PLAYER_MAX_HP_BASE (Lv0)
]]></output>
              </test-case>
              <test-case id="1007" name="ArenaFloor_IsSizedToArenaRadius_AndBoundaryMatchesArenaRadius_SpawnRingMatchesSpawnRadius" fullname="ForgeGame.Tests.PlayMode.ArenaEnvironmentSceneTests.ArenaFloor_IsSizedToArenaRadius_AndBoundaryMatchesArenaRadius_SpawnRingMatchesSpawnRadius" methodname="ArenaFloor_IsSizedToArenaRadius_AndBoundaryMatchesArenaRadius_SpawnRingMatchesSpawnRadius" classname="ForgeGame.Tests.PlayMode.ArenaEnvironmentSceneTests" runstate="Runnable" seed="193330612" result="Passed" start-time="2026-07-17 13:52:06Z" end-time="2026-07-17 13:52:06Z" duration="0.203023" asserts="0">
                <properties>
                  <property name="_JOINTYPE" value="UnityCombinatorial" />
                  <property name="retryIteration" value="0" />
                  <property name="repeatIteration" value="0" />
                </properties>
                <output><![CDATA[[Wiring] SessionHolder missing at Game (not loaded via Boot, or session state lost); using base PLAYER_MOVE_SPEED (Lv0)
[Wiring] SessionHolder missing at Game (not loaded via Boot, or session state lost); using base AUTO_ATTACK_DAMAGE_BASE (Lv0)
[Wiring] SessionHolder missing at Game (not loaded via Boot, or session state lost); using base PLAYER_MAX_HP_BASE (Lv0)
]]></output>
              </test-case>
              <test-case id="1010" name="Capture_FourDirectionReadability_Evidence" fullname="ForgeGame.Tests.PlayMode.ArenaEnvironmentSceneTests.Capture_FourDirectionReadability_Evidence" methodname="Capture_FourDirectionReadability_Evidence" classname="ForgeGame.Tests.PlayMode.ArenaEnvironmentSceneTests" runstate="Runnable" seed="820486881" result="Passed" start-time="2026-07-17 13:52:06Z" end-time="2026-07-17 13:52:07Z" duration="0.258101" asserts="0">
                <properties>
                  <property name="_JOINTYPE" value="UnityCombinatorial" />
                  <property name="retryIteration" value="0" />
                  <property name="repeatIteration" value="0" />
                </properties>
                <output><![CDATA[[Wiring] SessionHolder missing at Game (not loaded via Boot, or session state lost); using base PLAYER_MOVE_SPEED (Lv0)
[Wiring] SessionHolder missing at Game (not loaded via Boot, or session state lost); using base AUTO_ATTACK_DAMAGE_BASE (Lv0)
[Wiring] SessionHolder missing at Game (not loaded via Boot, or session state lost); using base PLAYER_MAX_HP_BASE (Lv0)
]]></output>
              </test-case>
              <test-case id="1008" name="Crystal_HasEmissiveGlowingMaterial_AndRotatesOverTime" fullname="ForgeGame.Tests.PlayMode.ArenaEnvironmentSceneTests.Crystal_HasEmissiveGlowingMaterial_AndRotatesOverTime" methodname="Crystal_HasEmissiveGlowingMaterial_AndRotatesOverTime" classname="ForgeGame.Tests.PlayMode.ArenaEnvironmentSceneTests" runstate="Runnable" seed="370900033" result="Passed" start-time="2026-07-17 13:52:07Z" end-time="2026-07-17 13:52:07Z" duration="0.548904" asserts="0">
                <properties>
                  <property name="_JOINTYPE" value="UnityCombinatorial" />
                  <property name="retryIteration" value="0" />
                  <property name="repeatIteration" value="0" />
                </properties>
                <output><![CDATA[[Wiring] SessionHolder missing at Game (not loaded via Boot, or session state lost); using base PLAYER_MOVE_SPEED (Lv0)
[Wiring] SessionHolder missing at Game (not loaded via Boot, or session state lost); using base AUTO_ATTACK_DAMAGE_BASE (Lv0)
[Wiring] SessionHolder missing at Game (not loaded via Boot, or session state lost); using base PLAYER_MAX_HP_BASE (Lv0)
]]></output>
              </test-case>
              <test-case id="1009" name="PlayerPosition_NeverGoesNaN_WhileArenaEnvironmentIsPresent" fullname="ForgeGame.Tests.PlayMode.ArenaEnvironmentSceneTests.PlayerPosition_NeverGoesNaN_WhileArenaEnvironmentIsPresent" methodname="PlayerPosition_NeverGoesNaN_WhileArenaEnvironmentIsPresent" classname="ForgeGame.Tests.PlayMode.ArenaEnvironmentSceneTests" runstate="Runnable" seed="190378484" result="Passed" start-time="2026-07-17 13:52:07Z" end-time="2026-07-17 13:52:07Z" duration="0.275122" asserts="0">
                <properties>
                  <property name="_JOINTYPE" value="UnityCombinatorial" />
                  <property name="retryIteration" value="0" />
                  <property name="repeatIteration" value="0" />
                </properties>
                <output><![CDATA[[Wiring] SessionHolder missing at Game (not loaded via Boot, or session state lost); using base PLAYER_MOVE_SPEED (Lv0)
[Wiring] SessionHolder missing at Game (not loaded via Boot, or session state lost); using base AUTO_ATTACK_DAMAGE_BASE (Lv0)
[Wiring] SessionHolder missing at Game (not loaded via Boot, or session state lost); using base PLAYER_MAX_HP_BASE (Lv0)
]]></output>
              </test-case>
            </test-suite>
            <test-suite type="TestFixture" id="1011" name="AssetIntegrationSceneTests" fullname="ForgeGame.Tests.PlayMode.AssetIntegrationSceneTests" classname="ForgeGame.Tests.PlayMode.AssetIntegrationSceneTests" runstate="Runnable" testcasecount="5" result="Passed" start-time="2026-07-17 13:52:07Z" end-time="2026-07-17 13:52:09Z" duration="1.937906" total="5" passed="5" failed="0" inconclusive="0" skipped="0" asserts="0">
              <properties />
              <test-case id="1013" name="HeroVisual_BoundingBoxWithinArtBibleHeightRange" fullname="ForgeGame.Tests.PlayMode.AssetIntegrationSceneTests.HeroVisual_BoundingBoxWithinArtBibleHeightRange" methodname="HeroVisual_BoundingBoxWithinArtBibleHeightRange" classname="ForgeGame.Tests.PlayMode.AssetIntegrationSceneTests" runstate="Runnable" seed="1646344385" result="Passed" start-time="2026-07-17 13:52:07Z" end-time="2026-07-17 13:52:08Z" duration="0.277649" asserts="0">
                <properties>
                  <property name="_JOINTYPE" value="UnityCombinatorial" />
                  <property name="retryIteration" value="0" />
                  <property name="repeatIteration" value="0" />
                </properties>
                <output><![CDATA[[Wiring] SessionHolder missing at Game (not loaded via Boot, or session state lost); using base PLAYER_MOVE_SPEED (Lv0)
[Wiring] SessionHolder missing at Game (not loaded via Boot, or session state lost); using base AUTO_ATTACK_DAMAGE_BASE (Lv0)
[Wiring] SessionHolder missing at Game (not loaded via Boot, or session state lost); using base PLAYER_MAX_HP_BASE (Lv0)
]]></output>
              </test-case>
              <test-case id="1012" name="HeroVisual_HasValidHumanoidAnimatorAndNoMaterialErrors" fullname="ForgeGame.Tests.PlayMode.AssetIntegrationSceneTests.HeroVisual_HasValidHumanoidAnimatorAndNoMaterialErrors" methodname="HeroVisual_HasValidHumanoidAnimatorAndNoMaterialErrors" classname="ForgeGame.Tests.PlayMode.AssetIntegrationSceneTests" runstate="Runnable" seed="1757278422" result="Passed" start-time="2026-07-17 13:52:08Z" end-time="2026-07-17 13:52:08Z" duration="0.532062" asserts="0">
                <properties>
                  <property name="_JOINTYPE" value="UnityCombinatorial" />
                  <property name="retryIteration" value="0" />
                  <property name="repeatIteration" value="0" />
                </properties>
                <output><![CDATA[[Wiring] SessionHolder missing at Game (not loaded via Boot, or session state lost); using base PLAYER_MOVE_SPEED (Lv0)
[Wiring] SessionHolder missing at Game (not loaded via Boot, or session state lost); using base AUTO_ATTACK_DAMAGE_BASE (Lv0)
[Wiring] SessionHolder missing at Game (not loaded via Boot, or session state lost); using base PLAYER_MAX_HP_BASE (Lv0)
]]></output>
              </test-case>
              <test-case id="1015" name="SfxLibrary_AudioSourceIsRoutedToSfxMixerGroup" fullname="ForgeGame.Tests.PlayMode.AssetIntegrationSceneTests.SfxLibrary_AudioSourceIsRoutedToSfxMixerGroup" methodname="SfxLibrary_AudioSourceIsRoutedToSfxMixerGroup" classname="ForgeGame.Tests.PlayMode.AssetIntegrationSceneTests" runstate="Runnable" seed="890164094" result="Passed" start-time="2026-07-17 13:52:08Z" end-time="2026-07-17 13:52:08Z" duration="0.266508" asserts="0">
                <properties>
                  <property name="_JOINTYPE" value="UnityCombinatorial" />
                  <property name="retryIteration" value="0" />
                  <property name="repeatIteration" value="0" />
                </properties>
                <output><![CDATA[[Wiring] SessionHolder missing at Game (not loaded via Boot, or session state lost); using base PLAYER_MOVE_SPEED (Lv0)
[Wiring] SessionHolder missing at Game (not loaded via Boot, or session state lost); using base AUTO_ATTACK_DAMAGE_BASE (Lv0)
[Wiring] SessionHolder missing at Game (not loaded via Boot, or session state lost); using base PLAYER_MAX_HP_BASE (Lv0)
]]></output>
              </test-case>
              <test-case id="1014" name="SfxLibrary_HasAllGeneratedClipsAssigned" fullname="ForgeGame.Tests.PlayMode.AssetIntegrationSceneTests.SfxLibrary_HasAllGeneratedClipsAssigned" methodname="SfxLibrary_HasAllGeneratedClipsAssigned" classname="ForgeGame.Tests.PlayMode.AssetIntegrationSceneTests" runstate="Runnable" seed="282348981" result="Passed" start-time="2026-07-17 13:52:08Z" end-time="2026-07-17 13:52:09Z" duration="0.555720" asserts="0">
                <properties>
                  <property name="_JOINTYPE" value="UnityCombinatorial" />
                  <property name="retryIteration" value="0" />
                  <property name="repeatIteration" value="0" />
                </properties>
                <output><![CDATA[[Wiring] SessionHolder missing at Game (not loaded via Boot, or session state lost); using base PLAYER_MOVE_SPEED (Lv0)
[Wiring] SessionHolder missing at Game (not loaded via Boot, or session state lost); using base AUTO_ATTACK_DAMAGE_BASE (Lv0)
[Wiring] SessionHolder missing at Game (not loaded via Boot, or session state lost); using base PLAYER_MAX_HP_BASE (Lv0)
]]></output>
              </test-case>
              <test-case id="1016" name="SwarmerPrefab_HasNoMaterialErrorsWhenSpawned" fullname="ForgeGame.Tests.PlayMode.AssetIntegrationSceneTests.SwarmerPrefab_HasNoMaterialErrorsWhenSpawned" methodname="SwarmerPrefab_HasNoMaterialErrorsWhenSpawned" classname="ForgeGame.Tests.PlayMode.AssetIntegrationSceneTests" runstate="Runnable" seed="1595184928" result="Passed" start-time="2026-07-17 13:52:09Z" end-time="2026-07-17 13:52:09Z" duration="0.303025" asserts="0">
                <properties>
                  <property name="_JOINTYPE" value="UnityCombinatorial" />
                  <property name="retryIteration" value="0" />
                  <property name="repeatIteration" value="0" />
                </properties>
                <output><![CDATA[[Wiring] SessionHolder missing at Game (not loaded via Boot, or session state lost); using base PLAYER_MOVE_SPEED (Lv0)
[Wiring] SessionHolder missing at Game (not loaded via Boot, or session state lost); using base AUTO_ATTACK_DAMAGE_BASE (Lv0)
[Wiring] SessionHolder missing at Game (not loaded via Boot, or session state lost); using base PLAYER_MAX_HP_BASE (Lv0)
]]></output>
              </test-case>
            </test-suite>
            <test-suite type="TestFixture" id="1017" name="AudioIntegrationSceneTests" fullname="ForgeGame.Tests.PlayMode.AudioIntegrationSceneTests" classname="ForgeGame.Tests.PlayMode.AudioIntegrationSceneTests" runstate="Runnable" testcasecount="4" result="Passed" start-time="2026-07-17 13:52:09Z" end-time="2026-07-17 13:52:13Z" duration="3.480723" total="4" passed="4" failed="0" inconclusive="0" skipped="0" asserts="0">
              <properties />
              <test-case id="1019" name="Bgm_SurvivesSceneTransitions_WithoutRestarting" fullname="ForgeGame.Tests.PlayMode.AudioIntegrationSceneTests.Bgm_SurvivesSceneTransitions_WithoutRestarting" methodname="Bgm_SurvivesSceneTransitions_WithoutRestarting" classname="ForgeGame.Tests.PlayMode.AudioIntegrationSceneTests" runstate="Runnable" seed="1811423513" result="Passed" start-time="2026-07-17 13:52:09Z" end-time="2026-07-17 13:52:11Z" duration="2.199241" asserts="0">
                <properties>
                  <property name="_JOINTYPE" value="UnityCombinatorial" />
                  <property name="retryIteration" value="0" />
                  <property name="repeatIteration" value="0" />
                </properties>
              </test-case>
              <test-case id="1020" name="Boot_AppliesSavedVolumesToMixerBus_WithoutOpeningMenuSettings" fullname="ForgeGame.Tests.PlayMode.AudioIntegrationSceneTests.Boot_AppliesSavedVolumesToMixerBus_WithoutOpeningMenuSettings" methodname="Boot_AppliesSavedVolumesToMixerBus_WithoutOpeningMenuSettings" classname="ForgeGame.Tests.PlayMode.AudioIntegrationSceneTests" runstate="Runnable" seed="1051965668" result="Passed" start-time="2026-07-17 13:52:11Z" end-time="2026-07-17 13:52:12Z" duration="0.439272" asserts="0">
                <properties>
                  <property name="_JOINTYPE" value="UnityCombinatorial" />
                  <property name="retryIteration" value="0" />
                  <property name="repeatIteration" value="0" />
                </properties>
              </test-case>
              <test-case id="1021" name="Boot_CorruptSave_StillWiresBgmPlayer_WithDefaultVolumes" fullname="ForgeGame.Tests.PlayMode.AudioIntegrationSceneTests.Boot_CorruptSave_StillWiresBgmPlayer_WithDefaultVolumes" methodname="Boot_CorruptSave_StillWiresBgmPlayer_WithDefaultVolumes" classname="ForgeGame.Tests.PlayMode.AudioIntegrationSceneTests" runstate="Runnable" seed="1079907668" result="Passed" start-time="2026-07-17 13:52:12Z" end-time="2026-07-17 13:52:12Z" duration="0.436174" asserts="0">
                <properties>
                  <property name="_JOINTYPE" value="UnityCombinatorial" />
                  <property name="retryIteration" value="0" />
                  <property name="repeatIteration" value="0" />
                </properties>
                <output><![CDATA[[SaveCorruption] reason=missing-or-invalid-save_version backup=<tmp-path>
]]></output>
              </test-case>
              <test-case id="1018" name="Boot_StartsBgmLoopingOnBgmMixerGroup" fullname="ForgeGame.Tests.PlayMode.AudioIntegrationSceneTests.Boot_StartsBgmLoopingOnBgmMixerGroup" methodname="Boot_StartsBgmLoopingOnBgmMixerGroup" classname="ForgeGame.Tests.PlayMode.AudioIntegrationSceneTests" runstate="Runnable" seed="2140792049" result="Passed" start-time="2026-07-17 13:52:12Z" end-time="2026-07-17 13:52:13Z" duration="0.403224" asserts="0">
                <properties>
                  <property name="_JOINTYPE" value="UnityCombinatorial" />
                  <property name="retryIteration" value="0" />
                  <property name="repeatIteration" value="0" />
                </properties>
              </test-case>
            </test-suite>
            <test-suite type="TestFixture" id="1022" name="AutoAttackSceneTests" fullname="ForgeGame.Tests.PlayMode.AutoAttackSceneTests" classname="ForgeGame.Tests.PlayMode.AutoAttackSceneTests" runstate="Runnable" testcasecount="4" result="Passed" start-time="2026-07-17 13:52:13Z" end-time="2026-07-17 13:52:16Z" duration="2.903868" total="4" passed="4" failed="0" inconclusive="0" skipped="0" asserts="0">
              <properties />
              <test-case id="1026" name="AttackLanding_SpawnsHitVfxAtTargetPosition_PlaysSfx_AndTransitionsAnimatorToAttack" fullname="ForgeGame.Tests.PlayMode.AutoAttackSceneTests.AttackLanding_SpawnsHitVfxAtTargetPosition_PlaysSfx_AndTransitionsAnimatorToAttack" methodname="AttackLanding_SpawnsHitVfxAtTargetPosition_PlaysSfx_AndTransitionsAnimatorToAttack" classname="ForgeGame.Tests.PlayMode.AutoAttackSceneTests" runstate="Runnable" seed="1752450397" result="Passed" start-time="2026-07-17 13:52:13Z" end-time="2026-07-17 13:52:13Z" duration="0.297810" asserts="0">
                <properties>
                  <property name="_JOINTYPE" value="UnityCombinatorial" />
                  <property name="retryIteration" value="0" />
                  <property name="repeatIteration" value="0" />
                </properties>
                <output><![CDATA[[Wiring] SessionHolder missing at Game (not loaded via Boot, or session state lost); using base PLAYER_MOVE_SPEED (Lv0)
[Wiring] SessionHolder missing at Game (not loaded via Boot, or session state lost); using base AUTO_ATTACK_DAMAGE_BASE (Lv0)
[Wiring] SessionHolder missing at Game (not loaded via Boot, or session state lost); using base PLAYER_MAX_HP_BASE (Lv0)
[AssetIntegration] EnemyAgent 'TestEnemy': no "Visual" child found — coded approach motion (ApplyVisualMotion) will no-op for this enemy.
]]></output>
              </test-case>
              <test-case id="1025" name="DyingHero_DoesNotFireAutoAttack_DuringDeathFadeSequence" fullname="ForgeGame.Tests.PlayMode.AutoAttackSceneTests.DyingHero_DoesNotFireAutoAttack_DuringDeathFadeSequence" methodname="DyingHero_DoesNotFireAutoAttack_DuringDeathFadeSequence" classname="ForgeGame.Tests.PlayMode.AutoAttackSceneTests" runstate="Runnable" seed="1747130835" result="Passed" start-time="2026-07-17 13:52:13Z" end-time="2026-07-17 13:52:14Z" duration="1.027074" asserts="0">
                <properties>
                  <property name="_JOINTYPE" value="UnityCombinatorial" />
                  <property name="retryIteration" value="0" />
                  <property name="repeatIteration" value="0" />
                </properties>
                <output><![CDATA[[Wiring] SessionHolder missing at Game (not loaded via Boot, or session state lost); using base PLAYER_MOVE_SPEED (Lv0)
[Wiring] SessionHolder missing at Game (not loaded via Boot, or session state lost); using base AUTO_ATTACK_DAMAGE_BASE (Lv0)
[Wiring] SessionHolder missing at Game (not loaded via Boot, or session state lost); using base PLAYER_MAX_HP_BASE (Lv0)
[AssetIntegration] EnemyAgent 'TestEnemy': no "Visual" child found — coded approach motion (ApplyVisualMotion) will no-op for this enemy.
[AssetIntegration] EnemyAgent 'TestEnemy': no "Visual" child found — coded approach motion (ApplyVisualMotion) will no-op for this enemy.
[AssetIntegration] EnemyAgent 'TestEnemy': no "Visual" child found — coded approach motion (ApplyVisualMotion) will no-op for this enemy.
[AssetIntegration] EnemyAgent 'TestEnemy': no "Visual" child found — coded approach motion (ApplyVisualMotion) will no-op for this enemy.
[AssetIntegration] EnemyAgent 'TestEnemy': no "Visual" child found — coded approach motion (ApplyVisualMotion) will no-op for this enemy.
[AssetIntegration] EnemyAgent 'TestEnemy': no "Visual" child found — coded approach motion (ApplyVisualMotion) will no-op for this enemy.
[AssetIntegration] EnemyAgent 'TestEnemy': no "Visual" child found — coded approach motion (ApplyVisualMotion) will no-op for this enemy.
[AssetIntegration] EnemyAgent 'TestEnemy': no "Visual" child found — coded approach motion (ApplyVisualMotion) will no-op for this enemy.
[AssetIntegration] EnemyAgent 'TestEnemy': no "Visual" child found — coded approach motion (ApplyVisualMotion) will no-op for this enemy.
[AssetIntegration] EnemyAgent 'TestEnemy': no "Visual" child found — coded approach motion (ApplyVisualMotion) will no-op for this enemy.
[AssetIntegration] EnemyAgent 'TestEnemy': no "Visual" child found — coded approach motion (ApplyVisualMotion) will no-op for this enemy.
[AssetIntegration] EnemyAgent 'TestEnemy': no "Visual" child found — coded approach motion (ApplyVisualMotion) will no-op for this enemy.
[AssetIntegration] EnemyAgent 'TestEnemy': no "Visual" child found — coded approach motion (ApplyVisualMotion) will no-op for this enemy.
[Wiring] SessionHolder missing at Result transition (not loaded via Boot, or session state lost); folding run result into a fresh default SaveData
[Wiring] SessionHolder missing at Result transition; Result screen will show a zeroed run summary
[Wiring] SessionHolder/LastRunResult missing at Result (not reached via a completed Game run, or session state lost); showing a zeroed run summary
]]></output>
              </test-case>
              <test-case id="1023" name="EnemyWithinRange_TakesDamageInBaseIncrements_AndDiesAfterTwoHits" fullname="ForgeGame.Tests.PlayMode.AutoAttackSceneTests.EnemyWithinRange_TakesDamageInBaseIncrements_AndDiesAfterTwoHits" methodname="EnemyWithinRange_TakesDamageInBaseIncrements_AndDiesAfterTwoHits" classname="ForgeGame.Tests.PlayMode.AutoAttackSceneTests" runstate="Runnable" seed="1585337228" result="Passed" start-time="2026-07-17 13:52:14Z" end-time="2026-07-17 13:52:15Z" duration="0.718722" asserts="0">
                <properties>
                  <property name="_JOINTYPE" value="UnityCombinatorial" />
                  <property name="retryIteration" value="0" />
                  <property name="repeatIteration" value="0" />
                </properties>
                <output><![CDATA[[Wiring] SessionHolder missing at Game (not loaded via Boot, or session state lost); using base PLAYER_MOVE_SPEED (Lv0)
[Wiring] SessionHolder missing at Game (not loaded via Boot, or session state lost); using base AUTO_ATTACK_DAMAGE_BASE (Lv0)
[Wiring] SessionHolder missing at Game (not loaded via Boot, or session state lost); using base PLAYER_MAX_HP_BASE (Lv0)
[AssetIntegration] EnemyAgent 'TestEnemy': no "Visual" child found — coded approach motion (ApplyVisualMotion) will no-op for this enemy.
[AssetIntegration] EnemyAgent 'TestEnemy': no "Visual" child found — coded approach motion (ApplyVisualMotion) will no-op for this enemy.
]]></output>
              </test-case>
              <test-case id="1024" name="HeldMovementAndDashInput_DoesNotAffectAttackTiming" fullname="ForgeGame.Tests.PlayMode.AutoAttackSceneTests.HeldMovementAndDashInput_DoesNotAffectAttackTiming" methodname="HeldMovementAndDashInput_DoesNotAffectAttackTiming" classname="ForgeGame.Tests.PlayMode.AutoAttackSceneTests" runstate="Runnable" seed="207665306" result="Passed" start-time="2026-07-17 13:52:15Z" end-time="2026-07-17 13:52:16Z" duration="0.857509" asserts="0">
                <properties>
                  <property name="_JOINTYPE" value="UnityCombinatorial" />
                  <property name="retryIteration" value="0" />
                  <property name="repeatIteration" value="0" />
                </properties>
                <output><![CDATA[[Wiring] SessionHolder missing at Game (not loaded via Boot, or session state lost); using base PLAYER_MOVE_SPEED (Lv0)
[Wiring] SessionHolder missing at Game (not loaded via Boot, or session state lost); using base AUTO_ATTACK_DAMAGE_BASE (Lv0)
[Wiring] SessionHolder missing at Game (not loaded via Boot, or session state lost); using base PLAYER_MAX_HP_BASE (Lv0)
[AssetIntegration] EnemyAgent 'TestEnemy': no "Visual" child found — coded approach motion (ApplyVisualMotion) will no-op for this enemy.
]]></output>
              </test-case>
            </test-suite>
            <test-suite type="TestFixture" id="1027" name="CameraShakeSceneTests" fullname="ForgeGame.Tests.PlayMode.CameraShakeSceneTests" classname="ForgeGame.Tests.PlayMode.CameraShakeSceneTests" runstate="Runnable" testcasecount="3" result="Passed" start-time="2026-07-17 13:52:16Z" end-time="2026-07-17 13:52:17Z" duration="1.654881" total="3" passed="3" failed="0" inconclusive="0" skipped="0" asserts="0">
              <properties />
              <test-case id="1028" name="ContactDuringDashInvulnerability_TriggersSingleShake_ThenRevertsExactlyAfterDuration" fullname="ForgeGame.Tests.PlayMode.CameraShakeSceneTests.ContactDuringDashInvulnerability_TriggersSingleShake_ThenRevertsExactlyAfterDuration" methodname="ContactDuringDashInvulnerability_TriggersSingleShake_ThenRevertsExactlyAfterDuration" classname="ForgeGame.Tests.PlayMode.CameraShakeSceneTests" runstate="Runnable" seed="2030560341" result="Passed" start-time="2026-07-17 13:52:16Z" end-time="2026-07-17 13:52:16Z" duration="0.596766" asserts="0">
                <properties>
                  <property name="_JOINTYPE" value="UnityCombinatorial" />
                  <property name="retryIteration" value="0" />
                  <property name="repeatIteration" value="0" />
                </properties>
                <output><![CDATA[[Wiring] SessionHolder missing at Game (not loaded via Boot, or session state lost); using base PLAYER_MOVE_SPEED (Lv0)
[Wiring] SessionHolder missing at Game (not loaded via Boot, or session state lost); using base AUTO_ATTACK_DAMAGE_BASE (Lv0)
[Wiring] SessionHolder missing at Game (not loaded via Boot, or session state lost); using base PLAYER_MAX_HP_BASE (Lv0)
[AssetIntegration] EnemyAgent 'TestEnemyContact': no "Visual" child found — coded approach motion (ApplyVisualMotion) will no-op for this enemy.
]]></output>
              </test-case>
              <test-case id="1030" name="MultipleSimultaneousContactsWithinSameDashWindow_TriggersOnlyOneShake" fullname="ForgeGame.Tests.PlayMode.CameraShakeSceneTests.MultipleSimultaneousContactsWithinSameDashWindow_TriggersOnlyOneShake" methodname="MultipleSimultaneousContactsWithinSameDashWindow_TriggersOnlyOneShake" classname="ForgeGame.Tests.PlayMode.CameraShakeSceneTests" runstate="Runnable" seed="223630182" result="Passed" start-time="2026-07-17 13:52:16Z" end-time="2026-07-17 13:52:17Z" duration="0.626973" asserts="0">
                <properties>
                  <property name="_JOINTYPE" value="UnityCombinatorial" />
                  <property name="retryIteration" value="0" />
                  <property name="repeatIteration" value="0" />
                </properties>
                <output><![CDATA[[Wiring] SessionHolder missing at Game (not loaded via Boot, or session state lost); using base PLAYER_MOVE_SPEED (Lv0)
[Wiring] SessionHolder missing at Game (not loaded via Boot, or session state lost); using base AUTO_ATTACK_DAMAGE_BASE (Lv0)
[Wiring] SessionHolder missing at Game (not loaded via Boot, or session state lost); using base PLAYER_MAX_HP_BASE (Lv0)
[AssetIntegration] EnemyAgent 'TestEnemyContact': no "Visual" child found — coded approach motion (ApplyVisualMotion) will no-op for this enemy.
[AssetIntegration] EnemyAgent 'TestEnemyContact': no "Visual" child found — coded approach motion (ApplyVisualMotion) will no-op for this enemy.
[AssetIntegration] EnemyAgent 'TestEnemyContact': no "Visual" child found — coded approach motion (ApplyVisualMotion) will no-op for this enemy.
]]></output>
              </test-case>
              <test-case id="1029" name="NormalDamage_WithoutInvulnerability_NeverTriggersShake" fullname="ForgeGame.Tests.PlayMode.CameraShakeSceneTests.NormalDamage_WithoutInvulnerability_NeverTriggersShake" methodname="NormalDamage_WithoutInvulnerability_NeverTriggersShake" classname="ForgeGame.Tests.PlayMode.CameraShakeSceneTests" runstate="Runnable" seed="1984110388" result="Passed" start-time="2026-07-17 13:52:17Z" end-time="2026-07-17 13:52:17Z" duration="0.428913" asserts="0">
                <properties>
                  <property name="_JOINTYPE" value="UnityCombinatorial" />
                  <property name="retryIteration" value="0" />
                  <property name="repeatIteration" value="0" />
                </properties>
                <output><![CDATA[[Wiring] SessionHolder missing at Game (not loaded via Boot, or session state lost); using base PLAYER_MOVE_SPEED (Lv0)
[Wiring] SessionHolder missing at Game (not loaded via Boot, or session state lost); using base AUTO_ATTACK_DAMAGE_BASE (Lv0)
[Wiring] SessionHolder missing at Game (not loaded via Boot, or session state lost); using base PLAYER_MAX_HP_BASE (Lv0)
[AssetIntegration] EnemyAgent 'TestEnemyContact': no "Visual" child found — coded approach motion (ApplyVisualMotion) will no-op for this enemy.
]]></output>
              </test-case>
            </test-suite>
            <test-suite type="TestFixture" id="1031" name="CrystalSceneTests" fullname="ForgeGame.Tests.PlayMode.CrystalSceneTests" classname="ForgeGame.Tests.PlayMode.CrystalSceneTests" runstate="Runnable" testcasecount="3" result="Passed" start-time="2026-07-17 13:52:17Z" end-time="2026-07-17 13:52:19Z" duration="1.387674" total="3" passed="3" failed="0" inconclusive="0" skipped="0" asserts="0">
              <properties />
              <test-case id="1032" name="CrystalWithinPickupRadius_AutoCollects_AndIncrementsRunStats" fullname="ForgeGame.Tests.PlayMode.CrystalSceneTests.CrystalWithinPickupRadius_AutoCollects_AndIncrementsRunStats" methodname="CrystalWithinPickupRadius_AutoCollects_AndIncrementsRunStats" classname="ForgeGame.Tests.PlayMode.CrystalSceneTests" runstate="Runnable" seed="1323190530" result="Passed" start-time="2026-07-17 13:52:17Z" end-time="2026-07-17 13:52:18Z" duration="0.319042" asserts="0">
                <properties>
                  <property name="_JOINTYPE" value="UnityCombinatorial" />
                  <property name="retryIteration" value="0" />
                  <property name="repeatIteration" value="0" />
                </properties>
                <output><![CDATA[[Wiring] SessionHolder missing at Game (not loaded via Boot, or session state lost); using base PLAYER_MOVE_SPEED (Lv0)
[Wiring] SessionHolder missing at Game (not loaded via Boot, or session state lost); using base AUTO_ATTACK_DAMAGE_BASE (Lv0)
[Wiring] SessionHolder missing at Game (not loaded via Boot, or session state lost); using base PLAYER_MAX_HP_BASE (Lv0)
]]></output>
              </test-case>
              <test-case id="1034" name="KillingEnemyWithinPickupRadius_DropsCrystal_AutoCollects_AndScoreIncreasesByScorePerCrystal" fullname="ForgeGame.Tests.PlayMode.CrystalSceneTests.KillingEnemyWithinPickupRadius_DropsCrystal_AutoCollects_AndScoreIncreasesByScorePerCrystal" methodname="KillingEnemyWithinPickupRadius_DropsCrystal_AutoCollects_AndScoreIncreasesByScorePerCrystal" classname="ForgeGame.Tests.PlayMode.CrystalSceneTests" runstate="Runnable" seed="1624465414" result="Passed" start-time="2026-07-17 13:52:18Z" end-time="2026-07-17 13:52:18Z" duration="0.630410" asserts="0">
                <properties>
                  <property name="_JOINTYPE" value="UnityCombinatorial" />
                  <property name="retryIteration" value="0" />
                  <property name="repeatIteration" value="0" />
                </properties>
                <output><![CDATA[[Wiring] SessionHolder missing at Game (not loaded via Boot, or session state lost); using base PLAYER_MOVE_SPEED (Lv0)
[Wiring] SessionHolder missing at Game (not loaded via Boot, or session state lost); using base AUTO_ATTACK_DAMAGE_BASE (Lv0)
[Wiring] SessionHolder missing at Game (not loaded via Boot, or session state lost); using base PLAYER_MAX_HP_BASE (Lv0)
[AssetIntegration] EnemyAgent 'TestEnemy': no "Visual" child found — coded approach motion (ApplyVisualMotion) will no-op for this enemy.
]]></output>
              </test-case>
              <test-case id="1033" name="UncollectedCrystal_DespawnsAfterLifetimeExpires_AndIsNeverCounted" fullname="ForgeGame.Tests.PlayMode.CrystalSceneTests.UncollectedCrystal_DespawnsAfterLifetimeExpires_AndIsNeverCounted" methodname="UncollectedCrystal_DespawnsAfterLifetimeExpires_AndIsNeverCounted" classname="ForgeGame.Tests.PlayMode.CrystalSceneTests" runstate="Runnable" seed="1228924747" result="Passed" start-time="2026-07-17 13:52:18Z" end-time="2026-07-17 13:52:19Z" duration="0.436011" asserts="0">
                <properties>
                  <property name="_JOINTYPE" value="UnityCombinatorial" />
                  <property name="retryIteration" value="0" />
                  <property name="repeatIteration" value="0" />
                </properties>
                <output><![CDATA[[Wiring] SessionHolder missing at Game (not loaded via Boot, or session state lost); using base PLAYER_MOVE_SPEED (Lv0)
[Wiring] SessionHolder missing at Game (not loaded via Boot, or session state lost); using base AUTO_ATTACK_DAMAGE_BASE (Lv0)
[Wiring] SessionHolder missing at Game (not loaded via Boot, or session state lost); using base PLAYER_MAX_HP_BASE (Lv0)
]]></output>
              </test-case>
            </test-suite>
            <test-suite type="TestFixture" id="1035" name="CrystalVfxSceneTests" fullname="ForgeGame.Tests.PlayMode.CrystalVfxSceneTests" classname="ForgeGame.Tests.PlayMode.CrystalVfxSceneTests" runstate="Runnable" testcasecount="4" result="Passed" start-time="2026-07-17 13:52:19Z" end-time="2026-07-17 13:52:20Z" duration="1.086040" total="4" passed="4" failed="0" inconclusive="0" skipped="0" asserts="0">
              <properties />
              <test-case id="1037" name="AutoCollect_FiresCollectVfx_SameFrameAsSfx" fullname="ForgeGame.Tests.PlayMode.CrystalVfxSceneTests.AutoCollect_FiresCollectVfx_SameFrameAsSfx" methodname="AutoCollect_FiresCollectVfx_SameFrameAsSfx" classname="ForgeGame.Tests.PlayMode.CrystalVfxSceneTests" runstate="Runnable" seed="114763468" result="Passed" start-time="2026-07-17 13:52:19Z" end-time="2026-07-17 13:52:19Z" duration="0.272076" asserts="0">
                <properties>
                  <property name="_JOINTYPE" value="UnityCombinatorial" />
                  <property name="retryIteration" value="0" />
                  <property name="repeatIteration" value="0" />
                </properties>
                <output><![CDATA[[Wiring] SessionHolder missing at Game (not loaded via Boot, or session state lost); using base PLAYER_MOVE_SPEED (Lv0)
[Wiring] SessionHolder missing at Game (not loaded via Boot, or session state lost); using base AUTO_ATTACK_DAMAGE_BASE (Lv0)
[Wiring] SessionHolder missing at Game (not loaded via Boot, or session state lost); using base PLAYER_MAX_HP_BASE (Lv0)
]]></output>
              </test-case>
              <test-case id="1038" name="CrystalVfxLibrary_BuiltPrefabs_UseGameConfigParameters_NotHardcodedValues" fullname="ForgeGame.Tests.PlayMode.CrystalVfxSceneTests.CrystalVfxLibrary_BuiltPrefabs_UseGameConfigParameters_NotHardcodedValues" methodname="CrystalVfxLibrary_BuiltPrefabs_UseGameConfigParameters_NotHardcodedValues" classname="ForgeGame.Tests.PlayMode.CrystalVfxSceneTests" runstate="Runnable" seed="1627901321" result="Passed" start-time="2026-07-17 13:52:19Z" end-time="2026-07-17 13:52:19Z" duration="0.273478" asserts="0">
                <properties>
                  <property name="_JOINTYPE" value="UnityCombinatorial" />
                  <property name="retryIteration" value="0" />
                  <property name="repeatIteration" value="0" />
                </properties>
                <output><![CDATA[[Wiring] SessionHolder missing at Game (not loaded via Boot, or session state lost); using base PLAYER_MOVE_SPEED (Lv0)
[Wiring] SessionHolder missing at Game (not loaded via Boot, or session state lost); using base AUTO_ATTACK_DAMAGE_BASE (Lv0)
[Wiring] SessionHolder missing at Game (not loaded via Boot, or session state lost); using base PLAYER_MAX_HP_BASE (Lv0)
]]></output>
              </test-case>
              <test-case id="1036" name="SpawnDrop_AttachesBoostedEmissiveMaterialAndGlowParticleSystem_WithNoRendererOrMaterialGaps" fullname="ForgeGame.Tests.PlayMode.CrystalVfxSceneTests.SpawnDrop_AttachesBoostedEmissiveMaterialAndGlowParticleSystem_WithNoRendererOrMaterialGaps" methodname="SpawnDrop_AttachesBoostedEmissiveMaterialAndGlowParticleSystem_WithNoRendererOrMaterialGaps" classname="ForgeGame.Tests.PlayMode.CrystalVfxSceneTests" runstate="Runnable" seed="909431001" result="Passed" start-time="2026-07-17 13:52:19Z" end-time="2026-07-17 13:52:20Z" duration="0.267114" asserts="0">
                <properties>
                  <property name="_JOINTYPE" value="UnityCombinatorial" />
                  <property name="retryIteration" value="0" />
                  <property name="repeatIteration" value="0" />
                </properties>
                <output><![CDATA[[Wiring] SessionHolder missing at Game (not loaded via Boot, or session state lost); using base PLAYER_MOVE_SPEED (Lv0)
[Wiring] SessionHolder missing at Game (not loaded via Boot, or session state lost); using base AUTO_ATTACK_DAMAGE_BASE (Lv0)
[Wiring] SessionHolder missing at Game (not loaded via Boot, or session state lost); using base PLAYER_MAX_HP_BASE (Lv0)
]]></output>
              </test-case>
              <test-case id="1039" name="SpawnDrop_LogsMissingLibraryExactlyOnce_AndStillSpawnsCrystal_WhenCrystalVfxLibraryInstanceIsNull" fullname="ForgeGame.Tests.PlayMode.CrystalVfxSceneTests.SpawnDrop_LogsMissingLibraryExactlyOnce_AndStillSpawnsCrystal_WhenCrystalVfxLibraryInstanceIsNull" methodname="SpawnDrop_LogsMissingLibraryExactlyOnce_AndStillSpawnsCrystal_WhenCrystalVfxLibraryInstanceIsNull" classname="ForgeGame.Tests.PlayMode.CrystalVfxSceneTests" runstate="Runnable" seed="1711893987" result="Passed" start-time="2026-07-17 13:52:20Z" end-time="2026-07-17 13:52:20Z" duration="0.271523" asserts="0">
                <properties>
                  <property name="_JOINTYPE" value="UnityCombinatorial" />
                  <property name="retryIteration" value="0" />
                  <property name="repeatIteration" value="0" />
                </properties>
                <output><![CDATA[[Wiring] SessionHolder missing at Game (not loaded via Boot, or session state lost); using base PLAYER_MOVE_SPEED (Lv0)
[Wiring] SessionHolder missing at Game (not loaded via Boot, or session state lost); using base AUTO_ATTACK_DAMAGE_BASE (Lv0)
[Wiring] SessionHolder missing at Game (not loaded via Boot, or session state lost); using base PLAYER_MAX_HP_BASE (Lv0)
[Wiring] CrystalVfxLibrary.Instance is null — S-29 crystal glow/collect VFX disabled this session
]]></output>
              </test-case>
            </test-suite>
            <test-suite type="TestFixture" id="1040" name="DashSceneTests" fullname="ForgeGame.Tests.PlayMode.DashSceneTests" classname="ForgeGame.Tests.PlayMode.DashSceneTests" runstate="Runnable" testcasecount="2" result="Passed" start-time="2026-07-17 13:52:20Z" end-time="2026-07-17 13:52:21Z" duration="1.061454" total="2" passed="2" failed="0" inconclusive="0" skipped="0" asserts="0">
              <properties />
              <test-case id="1042" name="DashPressDuringCooldown_IsIgnored_NoSecondDashOrInvulnRearm" fullname="ForgeGame.Tests.PlayMode.DashSceneTests.DashPressDuringCooldown_IsIgnored_NoSecondDashOrInvulnRearm" methodname="DashPressDuringCooldown_IsIgnored_NoSecondDashOrInvulnRearm" classname="ForgeGame.Tests.PlayMode.DashSceneTests" runstate="Runnable" seed="228842427" result="Passed" start-time="2026-07-17 13:52:20Z" end-time="2026-07-17 13:52:20Z" duration="0.535499" asserts="0">
                <properties>
                  <property name="_JOINTYPE" value="UnityCombinatorial" />
                  <property name="retryIteration" value="0" />
                  <property name="repeatIteration" value="0" />
                </properties>
                <output><![CDATA[[Wiring] SessionHolder missing at Game (not loaded via Boot, or session state lost); using base PLAYER_MOVE_SPEED (Lv0)
[Wiring] SessionHolder missing at Game (not loaded via Boot, or session state lost); using base AUTO_ATTACK_DAMAGE_BASE (Lv0)
[Wiring] SessionHolder missing at Game (not loaded via Boot, or session state lost); using base PLAYER_MAX_HP_BASE (Lv0)
]]></output>
              </test-case>
              <test-case id="1041" name="MoveInputHeld_DashMovesApproximatelyDashDistance_InTheInputDirection_AndSetsInvulnFlag" fullname="ForgeGame.Tests.PlayMode.DashSceneTests.MoveInputHeld_DashMovesApproximatelyDashDistance_InTheInputDirection_AndSetsInvulnFlag" methodname="MoveInputHeld_DashMovesApproximatelyDashDistance_InTheInputDirection_AndSetsInvulnFlag" classname="ForgeGame.Tests.PlayMode.DashSceneTests" runstate="Runnable" seed="1469622393" result="Passed" start-time="2026-07-17 13:52:20Z" end-time="2026-07-17 13:52:21Z" duration="0.523693" asserts="0">
                <properties>
                  <property name="_JOINTYPE" value="UnityCombinatorial" />
                  <property name="retryIteration" value="0" />
                  <property name="repeatIteration" value="0" />
                </properties>
                <output><![CDATA[[Wiring] SessionHolder missing at Game (not loaded via Boot, or session state lost); using base PLAYER_MOVE_SPEED (Lv0)
[Wiring] SessionHolder missing at Game (not loaded via Boot, or session state lost); using base AUTO_ATTACK_DAMAGE_BASE (Lv0)
[Wiring] SessionHolder missing at Game (not loaded via Boot, or session state lost); using base PLAYER_MAX_HP_BASE (Lv0)
]]></output>
              </test-case>
            </test-suite>
            <test-suite type="TestFixture" id="1043" name="DashTrailSceneTests" fullname="ForgeGame.Tests.PlayMode.DashTrailSceneTests" classname="ForgeGame.Tests.PlayMode.DashTrailSceneTests" runstate="Runnable" testcasecount="5" result="Passed" start-time="2026-07-17 13:52:21Z" end-time="2026-07-17 13:52:23Z" duration="2.352909" total="5" passed="5" failed="0" inconclusive="0" skipped="0" asserts="0">
              <properties />
              <test-case id="1048" name="DashActive_PreIntegrationPlaceholder_GhostsCarryNoGameplayComponents" fullname="ForgeGame.Tests.PlayMode.DashTrailSceneTests.DashActive_PreIntegrationPlaceholder_GhostsCarryNoGameplayComponents" methodname="DashActive_PreIntegrationPlaceholder_GhostsCarryNoGameplayComponents" classname="ForgeGame.Tests.PlayMode.DashTrailSceneTests" runstate="Runnable" seed="1050007237" result="Passed" start-time="2026-07-17 13:52:21Z" end-time="2026-07-17 13:52:21Z" duration="0.317574" asserts="0">
                <properties>
                  <property name="_JOINTYPE" value="UnityCombinatorial" />
                  <property name="retryIteration" value="0" />
                  <property name="repeatIteration" value="0" />
                </properties>
                <output><![CDATA[[Wiring] SessionHolder missing at Game (not loaded via Boot, or session state lost); using base PLAYER_MOVE_SPEED (Lv0)
[Wiring] SessionHolder missing at Game (not loaded via Boot, or session state lost); using base AUTO_ATTACK_DAMAGE_BASE (Lv0)
[Wiring] SessionHolder missing at Game (not loaded via Boot, or session state lost); using base PLAYER_MAX_HP_BASE (Lv0)
[Wiring] SessionHolder missing at Game (not loaded via Boot, or session state lost); using base PLAYER_MOVE_SPEED (Lv0)
[Wiring] SessionHolder missing at Game (not loaded via Boot, or session state lost); using base AUTO_ATTACK_DAMAGE_BASE (Lv0)
[Wiring] AutoAttackDriver._hitVfxPrefab is unassigned even though GameConfig.AssetKeys.HitVfxPrefab points at 'Assets/Generated/Prefabs/HitVfx.prefab' — attacks will land without a hit VFX. Possible causes: IMG-04 texture or the URP particle shader was missing at asset-integration time (Editor/AssetIntegration.BuildHitVfxPrefab logs [DEGRADED] and skips prefab creation in that case), the prefab save step failed, or Editor/AssetIntegration.IntegrateAll simply hasn't been run yet for this scene.
[Wiring] SessionHolder missing at Game (not loaded via Boot, or session state lost); using base PLAYER_MAX_HP_BASE (Lv0)
]]></output>
              </test-case>
              <test-case id="1045" name="DashActive_SpawnsGhostsAtConfiguredCadence_AndStopsOutsideDash" fullname="ForgeGame.Tests.PlayMode.DashTrailSceneTests.DashActive_SpawnsGhostsAtConfiguredCadence_AndStopsOutsideDash" methodname="DashActive_SpawnsGhostsAtConfiguredCadence_AndStopsOutsideDash" classname="ForgeGame.Tests.PlayMode.DashTrailSceneTests" runstate="Runnable" seed="2064428760" result="Passed" start-time="2026-07-17 13:52:21Z" end-time="2026-07-17 13:52:22Z" duration="0.506460" asserts="0">
                <properties>
                  <property name="_JOINTYPE" value="UnityCombinatorial" />
                  <property name="retryIteration" value="0" />
                  <property name="repeatIteration" value="0" />
                </properties>
                <output><![CDATA[[Wiring] SessionHolder missing at Game (not loaded via Boot, or session state lost); using base PLAYER_MOVE_SPEED (Lv0)
[Wiring] SessionHolder missing at Game (not loaded via Boot, or session state lost); using base AUTO_ATTACK_DAMAGE_BASE (Lv0)
[Wiring] SessionHolder missing at Game (not loaded via Boot, or session state lost); using base PLAYER_MAX_HP_BASE (Lv0)
]]></output>
              </test-case>
              <test-case id="1047" name="DashDistance_InvulnWindow_Cooldown_NoRegressionFromS07" fullname="ForgeGame.Tests.PlayMode.DashTrailSceneTests.DashDistance_InvulnWindow_Cooldown_NoRegressionFromS07" methodname="DashDistance_InvulnWindow_Cooldown_NoRegressionFromS07" classname="ForgeGame.Tests.PlayMode.DashTrailSceneTests" runstate="Runnable" seed="243224675" result="Passed" start-time="2026-07-17 13:52:22Z" end-time="2026-07-17 13:52:22Z" duration="0.522100" asserts="0">
                <properties>
                  <property name="_JOINTYPE" value="UnityCombinatorial" />
                  <property name="retryIteration" value="0" />
                  <property name="repeatIteration" value="0" />
                </properties>
                <output><![CDATA[[Wiring] SessionHolder missing at Game (not loaded via Boot, or session state lost); using base PLAYER_MOVE_SPEED (Lv0)
[Wiring] SessionHolder missing at Game (not loaded via Boot, or session state lost); using base AUTO_ATTACK_DAMAGE_BASE (Lv0)
[Wiring] SessionHolder missing at Game (not loaded via Boot, or session state lost); using base PLAYER_MAX_HP_BASE (Lv0)
]]></output>
              </test-case>
              <test-case id="1046" name="Ghost_FadesAndSelfDestructs_AfterLifetime" fullname="ForgeGame.Tests.PlayMode.DashTrailSceneTests.Ghost_FadesAndSelfDestructs_AfterLifetime" methodname="Ghost_FadesAndSelfDestructs_AfterLifetime" classname="ForgeGame.Tests.PlayMode.DashTrailSceneTests" runstate="Runnable" seed="606311109" result="Passed" start-time="2026-07-17 13:52:22Z" end-time="2026-07-17 13:52:23Z" duration="0.717993" asserts="0">
                <properties>
                  <property name="_JOINTYPE" value="UnityCombinatorial" />
                  <property name="retryIteration" value="0" />
                  <property name="repeatIteration" value="0" />
                </properties>
                <output><![CDATA[[Wiring] SessionHolder missing at Game (not loaded via Boot, or session state lost); using base PLAYER_MOVE_SPEED (Lv0)
[Wiring] SessionHolder missing at Game (not loaded via Boot, or session state lost); using base AUTO_ATTACK_DAMAGE_BASE (Lv0)
[Wiring] SessionHolder missing at Game (not loaded via Boot, or session state lost); using base PLAYER_MAX_HP_BASE (Lv0)
]]></output>
              </test-case>
              <test-case id="1044" name="NoDash_NoGhostsSpawn" fullname="ForgeGame.Tests.PlayMode.DashTrailSceneTests.NoDash_NoGhostsSpawn" methodname="NoDash_NoGhostsSpawn" classname="ForgeGame.Tests.PlayMode.DashTrailSceneTests" runstate="Runnable" seed="300849957" result="Passed" start-time="2026-07-17 13:52:23Z" end-time="2026-07-17 13:52:23Z" duration="0.285505" asserts="0">
                <properties>
                  <property name="_JOINTYPE" value="UnityCombinatorial" />
                  <property name="retryIteration" value="0" />
                  <property name="repeatIteration" value="0" />
                </properties>
                <output><![CDATA[[Wiring] SessionHolder missing at Game (not loaded via Boot, or session state lost); using base PLAYER_MOVE_SPEED (Lv0)
[Wiring] SessionHolder missing at Game (not loaded via Boot, or session state lost); using base AUTO_ATTACK_DAMAGE_BASE (Lv0)
[Wiring] SessionHolder missing at Game (not loaded via Boot, or session state lost); using base PLAYER_MAX_HP_BASE (Lv0)
]]></output>
              </test-case>
            </test-suite>
            <test-suite type="TestFixture" id="1049" name="EnemyKillImpactSceneTests" fullname="ForgeGame.Tests.PlayMode.EnemyKillImpactSceneTests" classname="ForgeGame.Tests.PlayMode.EnemyKillImpactSceneTests" runstate="Runnable" testcasecount="4" result="Passed" start-time="2026-07-17 13:52:23Z" end-time="2026-07-17 13:52:26Z" duration="2.767370" total="4" passed="4" failed="0" inconclusive="0" skipped="0" asserts="0">
              <properties />
              <test-case id="1052" name="HeavyVariant_LethalHit_AlsoPopsAndFiresCameraNudge_NoNewBranch" fullname="ForgeGame.Tests.PlayMode.EnemyKillImpactSceneTests.HeavyVariant_LethalHit_AlsoPopsAndFiresCameraNudge_NoNewBranch" methodname="HeavyVariant_LethalHit_AlsoPopsAndFiresCameraNudge_NoNewBranch" classname="ForgeGame.Tests.PlayMode.EnemyKillImpactSceneTests" runstate="Runnable" seed="1717793866" result="Passed" start-time="2026-07-17 13:52:23Z" end-time="2026-07-17 13:52:24Z" duration="0.943163" asserts="0">
                <properties>
                  <property name="_JOINTYPE" value="UnityCombinatorial" />
                  <property name="retryIteration" value="0" />
                  <property name="repeatIteration" value="0" />
                </properties>
                <output><![CDATA[[Wiring] SessionHolder missing at Game (not loaded via Boot, or session state lost); using base PLAYER_MOVE_SPEED (Lv0)
[Wiring] SessionHolder missing at Game (not loaded via Boot, or session state lost); using base AUTO_ATTACK_DAMAGE_BASE (Lv0)
[Wiring] SessionHolder missing at Game (not loaded via Boot, or session state lost); using base PLAYER_MAX_HP_BASE (Lv0)
[AssetIntegration] EnemyAgent 'TestEnemy_HeavySwarmer': no "Visual" child found — coded approach motion (ApplyVisualMotion) will no-op for this enemy.
]]></output>
              </test-case>
              <test-case id="1053" name="KillNudgeDuration_IsDifferentFromDashNearMissShakeDuration" fullname="ForgeGame.Tests.PlayMode.EnemyKillImpactSceneTests.KillNudgeDuration_IsDifferentFromDashNearMissShakeDuration" methodname="KillNudgeDuration_IsDifferentFromDashNearMissShakeDuration" classname="ForgeGame.Tests.PlayMode.EnemyKillImpactSceneTests" runstate="Runnable" seed="583218155" result="Passed" start-time="2026-07-17 13:52:24Z" end-time="2026-07-17 13:52:24Z" duration="0.002236" asserts="0">
                <properties>
                  <property name="retryIteration" value="0" />
                  <property name="repeatIteration" value="0" />
                </properties>
              </test-case>
              <test-case id="1050" name="LethalHit_PopsUpThenDisappears_ScoreAndCrystalsAwardedImmediately_CameraNudgeFiresOnce" fullname="ForgeGame.Tests.PlayMode.EnemyKillImpactSceneTests.LethalHit_PopsUpThenDisappears_ScoreAndCrystalsAwardedImmediately_CameraNudgeFiresOnce" methodname="LethalHit_PopsUpThenDisappears_ScoreAndCrystalsAwardedImmediately_CameraNudgeFiresOnce" classname="ForgeGame.Tests.PlayMode.EnemyKillImpactSceneTests" runstate="Runnable" seed="707049556" result="Passed" start-time="2026-07-17 13:52:24Z" end-time="2026-07-17 13:52:25Z" duration="0.972865" asserts="0">
                <properties>
                  <property name="_JOINTYPE" value="UnityCombinatorial" />
                  <property name="retryIteration" value="0" />
                  <property name="repeatIteration" value="0" />
                </properties>
                <output><![CDATA[[Wiring] SessionHolder missing at Game (not loaded via Boot, or session state lost); using base PLAYER_MOVE_SPEED (Lv0)
[Wiring] SessionHolder missing at Game (not loaded via Boot, or session state lost); using base AUTO_ATTACK_DAMAGE_BASE (Lv0)
[Wiring] SessionHolder missing at Game (not loaded via Boot, or session state lost); using base PLAYER_MAX_HP_BASE (Lv0)
[AssetIntegration] EnemyAgent 'TestEnemy_Swarmer': no "Visual" child found — coded approach motion (ApplyVisualMotion) will no-op for this enemy.
]]></output>
              </test-case>
              <test-case id="1051" name="NonLethalHit_DoesNotTriggerPopOrCameraNudge" fullname="ForgeGame.Tests.PlayMode.EnemyKillImpactSceneTests.NonLethalHit_DoesNotTriggerPopOrCameraNudge" methodname="NonLethalHit_DoesNotTriggerPopOrCameraNudge" classname="ForgeGame.Tests.PlayMode.EnemyKillImpactSceneTests" runstate="Runnable" seed="2871807" result="Passed" start-time="2026-07-17 13:52:25Z" end-time="2026-07-17 13:52:26Z" duration="0.846302" asserts="0">
                <properties>
                  <property name="_JOINTYPE" value="UnityCombinatorial" />
                  <property name="retryIteration" value="0" />
                  <property name="repeatIteration" value="0" />
                </properties>
                <output><![CDATA[[Wiring] SessionHolder missing at Game (not loaded via Boot, or session state lost); using base PLAYER_MOVE_SPEED (Lv0)
[Wiring] SessionHolder missing at Game (not loaded via Boot, or session state lost); using base AUTO_ATTACK_DAMAGE_BASE (Lv0)
[Wiring] SessionHolder missing at Game (not loaded via Boot, or session state lost); using base PLAYER_MAX_HP_BASE (Lv0)
[AssetIntegration] EnemyAgent 'TestEnemy_Swarmer': no "Visual" child found — coded approach motion (ApplyVisualMotion) will no-op for this enemy.
]]></output>
              </test-case>
            </test-suite>
            <test-suite type="TestFixture" id="1054" name="EnemySpawnSceneTests" fullname="ForgeGame.Tests.PlayMode.EnemySpawnSceneTests" classname="ForgeGame.Tests.PlayMode.EnemySpawnSceneTests" runstate="Runnable" testcasecount="4" result="Passed" start-time="2026-07-17 13:52:26Z" end-time="2026-07-17 13:52:31Z" duration="5.016329" total="4" passed="4" failed="0" inconclusive="0" skipped="0" asserts="0">
              <properties />
              <test-case id="1056" name="JustAfterSpawning_EnemyIsPlacedOnTheSpawnRing" fullname="ForgeGame.Tests.PlayMode.EnemySpawnSceneTests.JustAfterSpawning_EnemyIsPlacedOnTheSpawnRing" methodname="JustAfterSpawning_EnemyIsPlacedOnTheSpawnRing" classname="ForgeGame.Tests.PlayMode.EnemySpawnSceneTests" runstate="Runnable" seed="36174909" result="Passed" start-time="2026-07-17 13:52:26Z" end-time="2026-07-17 13:52:26Z" duration="0.345020" asserts="0">
                <properties>
                  <property name="_JOINTYPE" value="UnityCombinatorial" />
                  <property name="retryIteration" value="0" />
                  <property name="repeatIteration" value="0" />
                </properties>
                <output><![CDATA[[Wiring] SessionHolder missing at Game (not loaded via Boot, or session state lost); using base PLAYER_MOVE_SPEED (Lv0)
[Wiring] SessionHolder missing at Game (not loaded via Boot, or session state lost); using base AUTO_ATTACK_DAMAGE_BASE (Lv0)
[Wiring] SessionHolder missing at Game (not loaded via Boot, or session state lost); using base PLAYER_MAX_HP_BASE (Lv0)
]]></output>
              </test-case>
              <test-case id="1058" name="OverALongWindow_ConcurrentEnemyCountNeverExceedsTheCap" fullname="ForgeGame.Tests.PlayMode.EnemySpawnSceneTests.OverALongWindow_ConcurrentEnemyCountNeverExceedsTheCap" methodname="OverALongWindow_ConcurrentEnemyCountNeverExceedsTheCap" classname="ForgeGame.Tests.PlayMode.EnemySpawnSceneTests" runstate="Runnable" seed="1604781660" result="Passed" start-time="2026-07-17 13:52:26Z" end-time="2026-07-17 13:52:30Z" duration="3.309106" asserts="0">
                <properties>
                  <property name="_JOINTYPE" value="UnityCombinatorial" />
                  <property name="retryIteration" value="0" />
                  <property name="repeatIteration" value="0" />
                </properties>
                <output><![CDATA[[Wiring] SessionHolder missing at Game (not loaded via Boot, or session state lost); using base PLAYER_MOVE_SPEED (Lv0)
[Wiring] SessionHolder missing at Game (not loaded via Boot, or session state lost); using base AUTO_ATTACK_DAMAGE_BASE (Lv0)
[Wiring] SessionHolder missing at Game (not loaded via Boot, or session state lost); using base PLAYER_MAX_HP_BASE (Lv0)
]]></output>
              </test-case>
              <test-case id="1055" name="OverTime_EnemiesSpawnOnTheSpawnRing" fullname="ForgeGame.Tests.PlayMode.EnemySpawnSceneTests.OverTime_EnemiesSpawnOnTheSpawnRing" methodname="OverTime_EnemiesSpawnOnTheSpawnRing" classname="ForgeGame.Tests.PlayMode.EnemySpawnSceneTests" runstate="Runnable" seed="1986073882" result="Passed" start-time="2026-07-17 13:52:30Z" end-time="2026-07-17 13:52:30Z" duration="0.687332" asserts="0">
                <properties>
                  <property name="_JOINTYPE" value="UnityCombinatorial" />
                  <property name="retryIteration" value="0" />
                  <property name="repeatIteration" value="0" />
                </properties>
                <output><![CDATA[[Wiring] SessionHolder missing at Game (not loaded via Boot, or session state lost); using base PLAYER_MOVE_SPEED (Lv0)
[Wiring] SessionHolder missing at Game (not loaded via Boot, or session state lost); using base AUTO_ATTACK_DAMAGE_BASE (Lv0)
[Wiring] SessionHolder missing at Game (not loaded via Boot, or session state lost); using base PLAYER_MAX_HP_BASE (Lv0)
]]></output>
              </test-case>
              <test-case id="1057" name="SpawnedEnemy_ClosesDistanceToThePlayerOverTime" fullname="ForgeGame.Tests.PlayMode.EnemySpawnSceneTests.SpawnedEnemy_ClosesDistanceToThePlayerOverTime" methodname="SpawnedEnemy_ClosesDistanceToThePlayerOverTime" classname="ForgeGame.Tests.PlayMode.EnemySpawnSceneTests" runstate="Runnable" seed="627669377" result="Passed" start-time="2026-07-17 13:52:30Z" end-time="2026-07-17 13:52:31Z" duration="0.672736" asserts="0">
                <properties>
                  <property name="_JOINTYPE" value="UnityCombinatorial" />
                  <property name="retryIteration" value="0" />
                  <property name="repeatIteration" value="0" />
                </properties>
                <output><![CDATA[[Wiring] SessionHolder missing at Game (not loaded via Boot, or session state lost); using base PLAYER_MOVE_SPEED (Lv0)
[Wiring] SessionHolder missing at Game (not loaded via Boot, or session state lost); using base AUTO_ATTACK_DAMAGE_BASE (Lv0)
[Wiring] SessionHolder missing at Game (not loaded via Boot, or session state lost); using base PLAYER_MAX_HP_BASE (Lv0)
]]></output>
              </test-case>
            </test-suite>
            <test-suite type="TestFixture" id="1059" name="EnemyVisualMotionSceneTests" fullname="ForgeGame.Tests.PlayMode.EnemyVisualMotionSceneTests" classname="ForgeGame.Tests.PlayMode.EnemyVisualMotionSceneTests" runstate="Runnable" testcasecount="2" result="Passed" start-time="2026-07-17 13:52:31Z" end-time="2026-07-17 13:52:32Z" duration="1.218551" total="2" passed="2" failed="0" inconclusive="0" skipped="0" asserts="0">
              <properties />
              <test-case id="1060" name="SwarmerVisual_BouncesOverTimeWithoutAnimatorOrMaterialErrors" fullname="ForgeGame.Tests.PlayMode.EnemyVisualMotionSceneTests.SwarmerVisual_BouncesOverTimeWithoutAnimatorOrMaterialErrors" methodname="SwarmerVisual_BouncesOverTimeWithoutAnimatorOrMaterialErrors" classname="ForgeGame.Tests.PlayMode.EnemyVisualMotionSceneTests" runstate="Runnable" seed="1330139722" result="Passed" start-time="2026-07-17 13:52:31Z" end-time="2026-07-17 13:52:32Z" duration="0.942888" asserts="0">
                <properties>
                  <property name="_JOINTYPE" value="UnityCombinatorial" />
                  <property name="retryIteration" value="0" />
                  <property name="repeatIteration" value="0" />
                </properties>
                <output><![CDATA[[Wiring] SessionHolder missing at Game (not loaded via Boot, or session state lost); using base PLAYER_MOVE_SPEED (Lv0)
[Wiring] SessionHolder missing at Game (not loaded via Boot, or session state lost); using base AUTO_ATTACK_DAMAGE_BASE (Lv0)
[Wiring] SessionHolder missing at Game (not loaded via Boot, or session state lost); using base PLAYER_MAX_HP_BASE (Lv0)
]]></output>
              </test-case>
              <test-case id="1061" name="SwarmerVisual_PreservesBakedLocalPositionOffsetUnderBounce" fullname="ForgeGame.Tests.PlayMode.EnemyVisualMotionSceneTests.SwarmerVisual_PreservesBakedLocalPositionOffsetUnderBounce" methodname="SwarmerVisual_PreservesBakedLocalPositionOffsetUnderBounce" classname="ForgeGame.Tests.PlayMode.EnemyVisualMotionSceneTests" runstate="Runnable" seed="1432798440" result="Passed" start-time="2026-07-17 13:52:32Z" end-time="2026-07-17 13:52:32Z" duration="0.274133" asserts="0">
                <properties>
                  <property name="_JOINTYPE" value="UnityCombinatorial" />
                  <property name="retryIteration" value="0" />
                  <property name="repeatIteration" value="0" />
                </properties>
                <output><![CDATA[[Wiring] SessionHolder missing at Game (not loaded via Boot, or session state lost); using base PLAYER_MOVE_SPEED (Lv0)
[Wiring] SessionHolder missing at Game (not loaded via Boot, or session state lost); using base AUTO_ATTACK_DAMAGE_BASE (Lv0)
[Wiring] SessionHolder missing at Game (not loaded via Boot, or session state lost); using base PLAYER_MAX_HP_BASE (Lv0)
]]></output>
              </test-case>
            </test-suite>
            <test-suite type="TestFixture" id="1062" name="GameHudSceneTests" fullname="ForgeGame.Tests.PlayMode.GameHudSceneTests" classname="ForgeGame.Tests.PlayMode.GameHudSceneTests" runstate="Runnable" testcasecount="6" result="Passed" start-time="2026-07-17 13:52:32Z" end-time="2026-07-17 13:52:35Z" duration="2.914256" total="6" passed="6" failed="0" inconclusive="0" skipped="0" asserts="0">
              <properties />
              <test-case id="1063" name="ContinuousContact_ReducesHpText_AndBarFill" fullname="ForgeGame.Tests.PlayMode.GameHudSceneTests.ContinuousContact_ReducesHpText_AndBarFill" methodname="ContinuousContact_ReducesHpText_AndBarFill" classname="ForgeGame.Tests.PlayMode.GameHudSceneTests" runstate="Runnable" seed="573782427" result="Passed" start-time="2026-07-17 13:52:32Z" end-time="2026-07-17 13:52:32Z" duration="0.273523" asserts="0">
                <properties>
                  <property name="_JOINTYPE" value="UnityCombinatorial" />
                  <property name="retryIteration" value="0" />
                  <property name="repeatIteration" value="0" />
                </properties>
                <output><![CDATA[[Wiring] SessionHolder missing at Game (not loaded via Boot, or session state lost); using base PLAYER_MOVE_SPEED (Lv0)
[Wiring] SessionHolder missing at Game (not loaded via Boot, or session state lost); using base AUTO_ATTACK_DAMAGE_BASE (Lv0)
[Wiring] SessionHolder missing at Game (not loaded via Boot, or session state lost); using base PLAYER_MAX_HP_BASE (Lv0)
[AssetIntegration] EnemyAgent 'TestEnemy': no "Visual" child found — coded approach motion (ApplyVisualMotion) will no-op for this enemy.
]]></output>
              </test-case>
              <test-case id="1064" name="DashActivation_ShowsCooldownRemaining_OnHud" fullname="ForgeGame.Tests.PlayMode.GameHudSceneTests.DashActivation_ShowsCooldownRemaining_OnHud" methodname="DashActivation_ShowsCooldownRemaining_OnHud" classname="ForgeGame.Tests.PlayMode.GameHudSceneTests" runstate="Runnable" seed="661561850" result="Passed" start-time="2026-07-17 13:52:32Z" end-time="2026-07-17 13:52:33Z" duration="0.272576" asserts="0">
                <properties>
                  <property name="_JOINTYPE" value="UnityCombinatorial" />
                  <property name="retryIteration" value="0" />
                  <property name="repeatIteration" value="0" />
                </properties>
                <output><![CDATA[[Wiring] SessionHolder missing at Game (not loaded via Boot, or session state lost); using base PLAYER_MOVE_SPEED (Lv0)
[Wiring] SessionHolder missing at Game (not loaded via Boot, or session state lost); using base AUTO_ATTACK_DAMAGE_BASE (Lv0)
[Wiring] SessionHolder missing at Game (not loaded via Boot, or session state lost); using base PLAYER_MAX_HP_BASE (Lv0)
]]></output>
              </test-case>
              <test-case id="1068" name="GameHudCanvas_HasImg05PanelsWithNonNullSprites" fullname="ForgeGame.Tests.PlayMode.GameHudSceneTests.GameHudCanvas_HasImg05PanelsWithNonNullSprites" methodname="GameHudCanvas_HasImg05PanelsWithNonNullSprites" classname="ForgeGame.Tests.PlayMode.GameHudSceneTests" runstate="Runnable" seed="749331407" result="Passed" start-time="2026-07-17 13:52:33Z" end-time="2026-07-17 13:52:33Z" duration="0.270486" asserts="0">
                <properties>
                  <property name="_JOINTYPE" value="UnityCombinatorial" />
                  <property name="retryIteration" value="0" />
                  <property name="repeatIteration" value="0" />
                </properties>
                <output><![CDATA[[Wiring] SessionHolder missing at Game (not loaded via Boot, or session state lost); using base PLAYER_MOVE_SPEED (Lv0)
[Wiring] SessionHolder missing at Game (not loaded via Boot, or session state lost); using base AUTO_ATTACK_DAMAGE_BASE (Lv0)
[Wiring] SessionHolder missing at Game (not loaded via Boot, or session state lost); using base PLAYER_MAX_HP_BASE (Lv0)
]]></output>
              </test-case>
              <test-case id="1067" name="GameHudCanvas_UsesScreenSpaceCameraRenderMode" fullname="ForgeGame.Tests.PlayMode.GameHudSceneTests.GameHudCanvas_UsesScreenSpaceCameraRenderMode" methodname="GameHudCanvas_UsesScreenSpaceCameraRenderMode" classname="ForgeGame.Tests.PlayMode.GameHudSceneTests" runstate="Runnable" seed="1710719426" result="Passed" start-time="2026-07-17 13:52:33Z" end-time="2026-07-17 13:52:33Z" duration="0.296283" asserts="0">
                <properties>
                  <property name="_JOINTYPE" value="UnityCombinatorial" />
                  <property name="retryIteration" value="0" />
                  <property name="repeatIteration" value="0" />
                </properties>
                <output><![CDATA[[Wiring] SessionHolder missing at Game (not loaded via Boot, or session state lost); using base PLAYER_MOVE_SPEED (Lv0)
[Wiring] SessionHolder missing at Game (not loaded via Boot, or session state lost); using base AUTO_ATTACK_DAMAGE_BASE (Lv0)
[Wiring] SessionHolder missing at Game (not loaded via Boot, or session state lost); using base PLAYER_MAX_HP_BASE (Lv0)
]]></output>
              </test-case>
              <test-case id="1066" name="KillAndAutoPickup_IncreasesScore_OnHud" fullname="ForgeGame.Tests.PlayMode.GameHudSceneTests.KillAndAutoPickup_IncreasesScore_OnHud" methodname="KillAndAutoPickup_IncreasesScore_OnHud" classname="ForgeGame.Tests.PlayMode.GameHudSceneTests" runstate="Runnable" seed="2120861611" result="Passed" start-time="2026-07-17 13:52:33Z" end-time="2026-07-17 13:52:34Z" duration="0.519555" asserts="0">
                <properties>
                  <property name="_JOINTYPE" value="UnityCombinatorial" />
                  <property name="retryIteration" value="0" />
                  <property name="repeatIteration" value="0" />
                </properties>
                <output><![CDATA[[Wiring] SessionHolder missing at Game (not loaded via Boot, or session state lost); using base PLAYER_MOVE_SPEED (Lv0)
[Wiring] SessionHolder missing at Game (not loaded via Boot, or session state lost); using base AUTO_ATTACK_DAMAGE_BASE (Lv0)
[Wiring] SessionHolder missing at Game (not loaded via Boot, or session state lost); using base PLAYER_MAX_HP_BASE (Lv0)
[AssetIntegration] EnemyAgent 'TestEnemy': no "Visual" child found — coded approach motion (ApplyVisualMotion) will no-op for this enemy.
]]></output>
              </test-case>
              <test-case id="1065" name="OverTime_WaveNumber_OnHud_Increases" fullname="ForgeGame.Tests.PlayMode.GameHudSceneTests.OverTime_WaveNumber_OnHud_Increases" methodname="OverTime_WaveNumber_OnHud_Increases" classname="ForgeGame.Tests.PlayMode.GameHudSceneTests" runstate="Runnable" seed="2060797389" result="Passed" start-time="2026-07-17 13:52:34Z" end-time="2026-07-17 13:52:35Z" duration="1.278044" asserts="0">
                <properties>
                  <property name="_JOINTYPE" value="UnityCombinatorial" />
                  <property name="retryIteration" value="0" />
                  <property name="repeatIteration" value="0" />
                </properties>
                <output><![CDATA[[Wiring] SessionHolder missing at Game (not loaded via Boot, or session state lost); using base PLAYER_MOVE_SPEED (Lv0)
[Wiring] SessionHolder missing at Game (not loaded via Boot, or session state lost); using base AUTO_ATTACK_DAMAGE_BASE (Lv0)
[Wiring] SessionHolder missing at Game (not loaded via Boot, or session state lost); using base PLAYER_MAX_HP_BASE (Lv0)
]]></output>
              </test-case>
            </test-suite>
            <test-suite type="TestFixture" id="1069" name="GameSceneTests" fullname="ForgeGame.Tests.PlayMode.GameSceneTests" classname="ForgeGame.Tests.PlayMode.GameSceneTests" runstate="Runnable" testcasecount="4" result="Passed" start-time="2026-07-17 13:52:35Z" end-time="2026-07-17 13:52:38Z" duration="2.533077" total="4" passed="4" failed="0" inconclusive="0" skipped="0" asserts="0">
              <properties />
              <test-case id="1073" name="ArenaCamera_DoesNotFollowThePlayer" fullname="ForgeGame.Tests.PlayMode.GameSceneTests.ArenaCamera_DoesNotFollowThePlayer" methodname="ArenaCamera_DoesNotFollowThePlayer" classname="ForgeGame.Tests.PlayMode.GameSceneTests" runstate="Runnable" seed="1128118438" result="Passed" start-time="2026-07-17 13:52:35Z" end-time="2026-07-17 13:52:36Z" duration="0.563501" asserts="0">
                <properties>
                  <property name="_JOINTYPE" value="UnityCombinatorial" />
                  <property name="retryIteration" value="0" />
                  <property name="repeatIteration" value="0" />
                </properties>
                <output><![CDATA[[Wiring] SessionHolder missing at Game (not loaded via Boot, or session state lost); using base PLAYER_MOVE_SPEED (Lv0)
[Wiring] SessionHolder missing at Game (not loaded via Boot, or session state lost); using base AUTO_ATTACK_DAMAGE_BASE (Lv0)
[Wiring] SessionHolder missing at Game (not loaded via Boot, or session state lost); using base PLAYER_MAX_HP_BASE (Lv0)
]]></output>
              </test-case>
              <test-case id="1072" name="ArenaCamera_ForwardPointsTowardArenaCenter" fullname="ForgeGame.Tests.PlayMode.GameSceneTests.ArenaCamera_ForwardPointsTowardArenaCenter" methodname="ArenaCamera_ForwardPointsTowardArenaCenter" classname="ForgeGame.Tests.PlayMode.GameSceneTests" runstate="Runnable" seed="786804" result="Passed" start-time="2026-07-17 13:52:36Z" end-time="2026-07-17 13:52:36Z" duration="0.377082" asserts="0">
                <properties>
                  <property name="_JOINTYPE" value="UnityCombinatorial" />
                  <property name="retryIteration" value="0" />
                  <property name="repeatIteration" value="0" />
                </properties>
                <output><![CDATA[[Wiring] SessionHolder missing at Game (not loaded via Boot, or session state lost); using base PLAYER_MOVE_SPEED (Lv0)
[Wiring] SessionHolder missing at Game (not loaded via Boot, or session state lost); using base AUTO_ATTACK_DAMAGE_BASE (Lv0)
[Wiring] SessionHolder missing at Game (not loaded via Boot, or session state lost); using base PLAYER_MAX_HP_BASE (Lv0)
]]></output>
              </test-case>
[...]
                <properties>
                  <property name="_JOINTYPE" value="UnityCombinatorial" />
                  <property name="retryIteration" value="0" />
                  <property name="repeatIteration" value="0" />
                </properties>
                <output><![CDATA[[Wiring] SessionHolder.EnsureCreated called with null SaveData; keeping existing in-memory value
]]></output>
              </test-case>
              <test-case id="1151" name="EnsureCreated_NullSaveWithNoExistingInstance_FallsBackToDefaultsAndForcesRecovered" fullname="ForgeGame.Tests.PlayMode.SessionHolderTests.EnsureCreated_NullSaveWithNoExistingInstance_FallsBackToDefaultsAndForcesRecovered" methodname="EnsureCreated_NullSaveWithNoExistingInstance_FallsBackToDefaultsAndForcesRecovered" classname="ForgeGame.Tests.PlayMode.SessionHolderTests" runstate="Runnable" seed="627328930" result="Passed" start-time="2026-07-17 13:53:09Z" end-time="2026-07-17 13:53:09Z" duration="0.002123" asserts="0">
                <properties>
                  <property name="_JOINTYPE" value="UnityCombinatorial" />
                  <property name="retryIteration" value="0" />
                  <property name="repeatIteration" value="0" />
                </properties>
                <output><![CDATA[[Wiring] SessionHolder.EnsureCreated called with null SaveData; no existing value to preserve, falling back to defaults
]]></output>
              </test-case>
            </test-suite>
            <test-suite type="TestFixture" id="1154" name="TitleSceneTests" fullname="ForgeGame.Tests.PlayMode.TitleSceneTests" classname="ForgeGame.Tests.PlayMode.TitleSceneTests" runstate="Runnable" testcasecount="7" result="Passed" start-time="2026-07-17 13:53:09Z" end-time="2026-07-17 13:53:11Z" duration="2.339738" total="7" passed="7" failed="0" inconclusive="0" skipped="0" asserts="0">
              <properties />
              <test-case id="1157" name="Cancel_RequestsQuit_ExactlyOnce_WithoutActuallyQuittingInEditor" fullname="ForgeGame.Tests.PlayMode.TitleSceneTests.Cancel_RequestsQuit_ExactlyOnce_WithoutActuallyQuittingInEditor" methodname="Cancel_RequestsQuit_ExactlyOnce_WithoutActuallyQuittingInEditor" classname="ForgeGame.Tests.PlayMode.TitleSceneTests" runstate="Runnable" seed="983714550" result="Passed" start-time="2026-07-17 13:53:09Z" end-time="2026-07-17 13:53:09Z" duration="0.253567" asserts="0">
                <properties>
                  <property name="_JOINTYPE" value="UnityCombinatorial" />
                  <property name="retryIteration" value="0" />
                  <property name="repeatIteration" value="0" />
                </properties>
                <output><![CDATA[[Wiring] SessionHolder missing at Title (not loaded via Boot, or session state lost); treating as recovered=false
]]></output>
              </test-case>
              <test-case id="1159" name="Recovered_False_HidesRecoveryNoticeOnTitle" fullname="ForgeGame.Tests.PlayMode.TitleSceneTests.Recovered_False_HidesRecoveryNoticeOnTitle" methodname="Recovered_False_HidesRecoveryNoticeOnTitle" classname="ForgeGame.Tests.PlayMode.TitleSceneTests" runstate="Runnable" seed="1459220165" result="Passed" start-time="2026-07-17 13:53:09Z" end-time="2026-07-17 13:53:09Z" duration="0.244994" asserts="0">
                <properties>
                  <property name="_JOINTYPE" value="UnityCombinatorial" />
                  <property name="retryIteration" value="0" />
                  <property name="repeatIteration" value="0" />
                </properties>
              </test-case>
              <test-case id="1158" name="Recovered_True_ShowsRecoveryNoticeOnTitle" fullname="ForgeGame.Tests.PlayMode.TitleSceneTests.Recovered_True_ShowsRecoveryNoticeOnTitle" methodname="Recovered_True_ShowsRecoveryNoticeOnTitle" classname="ForgeGame.Tests.PlayMode.TitleSceneTests" runstate="Runnable" seed="1911538330" result="Passed" start-time="2026-07-17 13:53:09Z" end-time="2026-07-17 13:53:10Z" duration="0.256576" asserts="0">
                <properties>
                  <property name="_JOINTYPE" value="UnityCombinatorial" />
                  <property name="retryIteration" value="0" />
                  <property name="repeatIteration" value="0" />
                </properties>
              </test-case>
              <test-case id="1156" name="Submit_Space_AlsoTransitionsToMenuScene" fullname="ForgeGame.Tests.PlayMode.TitleSceneTests.Submit_Space_AlsoTransitionsToMenuScene" methodname="Submit_Space_AlsoTransitionsToMenuScene" classname="ForgeGame.Tests.PlayMode.TitleSceneTests" runstate="Runnable" seed="1910414875" result="Passed" start-time="2026-07-17 13:53:10Z" end-time="2026-07-17 13:53:10Z" duration="0.514596" asserts="0">
                <properties>
                  <property name="_JOINTYPE" value="UnityCombinatorial" />
                  <property name="retryIteration" value="0" />
                  <property name="repeatIteration" value="0" />
                </properties>
                <output><![CDATA[[Wiring] SessionHolder missing at Title (not loaded via Boot, or session state lost); treating as recovered=false
[Wiring] SessionHolder/Save missing at Menu (not loaded via Boot, or session state lost); showing default SaveData
]]></output>
              </test-case>
              <test-case id="1155" name="Submit_TransitionsToMenuScene" fullname="ForgeGame.Tests.PlayMode.TitleSceneTests.Submit_TransitionsToMenuScene" methodname="Submit_TransitionsToMenuScene" classname="ForgeGame.Tests.PlayMode.TitleSceneTests" runstate="Runnable" seed="1123097393" result="Passed" start-time="2026-07-17 13:53:10Z" end-time="2026-07-17 13:53:11Z" duration="0.547241" asserts="0">
                <properties>
                  <property name="_JOINTYPE" value="UnityCombinatorial" />
                  <property name="retryIteration" value="0" />
                  <property name="repeatIteration" value="0" />
                </properties>
                <output><![CDATA[[Wiring] SessionHolder missing at Title (not loaded via Boot, or session state lost); treating as recovered=false
[Wiring] SessionHolder/Save missing at Menu (not loaded via Boot, or session state lost); showing default SaveData
]]></output>
              </test-case>
              <test-case id="1161" name="TitleCanvas_HasImg05DecorationWithNonNullSprites" fullname="ForgeGame.Tests.PlayMode.TitleSceneTests.TitleCanvas_HasImg05DecorationWithNonNullSprites" methodname="TitleCanvas_HasImg05DecorationWithNonNullSprites" classname="ForgeGame.Tests.PlayMode.TitleSceneTests" runstate="Runnable" seed="1033993225" result="Passed" start-time="2026-07-17 13:53:11Z" end-time="2026-07-17 13:53:11Z" duration="0.275332" asserts="0">
                <properties>
                  <property name="_JOINTYPE" value="UnityCombinatorial" />
                  <property name="retryIteration" value="0" />
                  <property name="repeatIteration" value="0" />
                </properties>
                <output><![CDATA[[Wiring] SessionHolder missing at Title (not loaded via Boot, or session state lost); treating as recovered=false
]]></output>
              </test-case>
              <test-case id="1160" name="TitleCanvas_UsesScreenSpaceCameraRenderMode" fullname="ForgeGame.Tests.PlayMode.TitleSceneTests.TitleCanvas_UsesScreenSpaceCameraRenderMode" methodname="TitleCanvas_UsesScreenSpaceCameraRenderMode" classname="ForgeGame.Tests.PlayMode.TitleSceneTests" runstate="Runnable" seed="1622933944" result="Passed" start-time="2026-07-17 13:53:11Z" end-time="2026-07-17 13:53:11Z" duration="0.244341" asserts="0">
                <properties>
                  <property name="_JOINTYPE" value="UnityCombinatorial" />
                  <property name="retryIteration" value="0" />
                  <property name="repeatIteration" value="0" />
                </properties>
                <output><![CDATA[[Wiring] SessionHolder missing at Title (not loaded via Boot, or session state lost); treating as recovered=false
]]></output>
              </test-case>
            </test-suite>
            <test-suite type="TestFixture" id="1162" name="UpgradePurchaseSceneTests" fullname="ForgeGame.Tests.PlayMode.UpgradePurchaseSceneTests" classname="ForgeGame.Tests.PlayMode.UpgradePurchaseSceneTests" runstate="Runnable" testcasecount="7" result="Passed" start-time="2026-07-17 13:53:11Z" end-time="2026-07-17 13:53:13Z" duration="1.935131" total="7" passed="7" failed="0" inconclusive="0" skipped="0" asserts="0">
              <properties />
              <test-case id="1165" name="Purchase_AtMaxLevel_DoesNotPurchase_EvenWithAmpleBalance" fullname="ForgeGame.Tests.PlayMode.UpgradePurchaseSceneTests.Purchase_AtMaxLevel_DoesNotPurchase_EvenWithAmpleBalance" methodname="Purchase_AtMaxLevel_DoesNotPurchase_EvenWithAmpleBalance" classname="ForgeGame.Tests.PlayMode.UpgradePurchaseSceneTests" runstate="Runnable" seed="230747556" result="Passed" start-time="2026-07-17 13:53:11Z" end-time="2026-07-17 13:53:11Z" duration="0.245369" asserts="0">
                <properties>
                  <property name="_JOINTYPE" value="UnityCombinatorial" />
                  <property name="retryIteration" value="0" />
                  <property name="repeatIteration" value="0" />
                </properties>
              </test-case>
              <test-case id="1166" name="Purchase_MoveSpeedUpgrade_ViaUpgradeTabFocusIndex1_IncrementsMoveSpeedOnly" fullname="ForgeGame.Tests.PlayMode.UpgradePurchaseSceneTests.Purchase_MoveSpeedUpgrade_ViaUpgradeTabFocusIndex1_IncrementsMoveSpeedOnly" methodname="Purchase_MoveSpeedUpgrade_ViaUpgradeTabFocusIndex1_IncrementsMoveSpeedOnly" classname="ForgeGame.Tests.PlayMode.UpgradePurchaseSceneTests" runstate="Runnable" seed="1197451579" result="Passed" start-time="2026-07-17 13:53:11Z" end-time="2026-07-17 13:53:12Z" duration="0.242790" asserts="0">
                <properties>
                  <property name="_JOINTYPE" value="UnityCombinatorial" />
                  <property name="retryIteration" value="0" />
                  <property name="repeatIteration" value="0" />
                </properties>
              </test-case>
              <test-case id="1169" name="Purchase_WithInsufficientBalance_DoesNotPlayUpgradePurchaseSfx" fullname="ForgeGame.Tests.PlayMode.UpgradePurchaseSceneTests.Purchase_WithInsufficientBalance_DoesNotPlayUpgradePurchaseSfx" methodname="Purchase_WithInsufficientBalance_DoesNotPlayUpgradePurchaseSfx" classname="ForgeGame.Tests.PlayMode.UpgradePurchaseSceneTests" runstate="Runnable" seed="1140385844" result="Passed" start-time="2026-07-17 13:53:12Z" end-time="2026-07-17 13:53:12Z" duration="0.236059" asserts="0">
                <properties>
                  <property name="_JOINTYPE" value="UnityCombinatorial" />
                  <property name="retryIteration" value="0" />
                  <property name="repeatIteration" value="0" />
                </properties>
              </test-case>
              <test-case id="1164" name="Purchase_WithInsufficientBalance_LeavesBalanceAndLevelUnchanged" fullname="ForgeGame.Tests.PlayMode.UpgradePurchaseSceneTests.Purchase_WithInsufficientBalance_LeavesBalanceAndLevelUnchanged" methodname="Purchase_WithInsufficientBalance_LeavesBalanceAndLevelUnchanged" classname="ForgeGame.Tests.PlayMode.UpgradePurchaseSceneTests" runstate="Runnable" seed="1323614967" result="Passed" start-time="2026-07-17 13:53:12Z" end-time="2026-07-17 13:53:12Z" duration="0.236421" asserts="0">
                <properties>
                  <property name="_JOINTYPE" value="UnityCombinatorial" />
                  <property name="retryIteration" value="0" />
                  <property name="repeatIteration" value="0" />
                </properties>
              </test-case>
              <test-case id="1163" name="Purchase_WithSufficientBalance_DecreasesBalance_IncrementsLevel_AndSavesImmediately" fullname="ForgeGame.Tests.PlayMode.UpgradePurchaseSceneTests.Purchase_WithSufficientBalance_DecreasesBalance_IncrementsLevel_AndSavesImmediately" methodname="Purchase_WithSufficientBalance_DecreasesBalance_IncrementsLevel_AndSavesImmediately" classname="ForgeGame.Tests.PlayMode.UpgradePurchaseSceneTests" runstate="Runnable" seed="1484920969" result="Passed" start-time="2026-07-17 13:53:12Z" end-time="2026-07-17 13:53:12Z" duration="0.245229" asserts="0">
                <properties>
                  <property name="_JOINTYPE" value="UnityCombinatorial" />
                  <property name="retryIteration" value="0" />
                  <property name="repeatIteration" value="0" />
                </properties>
              </test-case>
              <test-case id="1168" name="Purchase_WithSufficientBalance_PlaysUpgradePurchaseSfx" fullname="ForgeGame.Tests.PlayMode.UpgradePurchaseSceneTests.Purchase_WithSufficientBalance_PlaysUpgradePurchaseSfx" methodname="Purchase_WithSufficientBalance_PlaysUpgradePurchaseSfx" classname="ForgeGame.Tests.PlayMode.UpgradePurchaseSceneTests" runstate="Runnable" seed="1348108478" result="Passed" start-time="2026-07-17 13:53:12Z" end-time="2026-07-17 13:53:13Z" duration="0.239306" asserts="0">
                <properties>
                  <property name="_JOINTYPE" value="UnityCombinatorial" />
                  <property name="retryIteration" value="0" />
                  <property name="repeatIteration" value="0" />
                </properties>
              </test-case>
              <test-case id="1167" name="PurchaseMaxHpUpgrade_ThenLoadGame_PlayerEffectiveMaxHpReflectsPurchase" fullname="ForgeGame.Tests.PlayMode.UpgradePurchaseSceneTests.PurchaseMaxHpUpgrade_ThenLoadGame_PlayerEffectiveMaxHpReflectsPurchase" methodname="PurchaseMaxHpUpgrade_ThenLoadGame_PlayerEffectiveMaxHpReflectsPurchase" classname="ForgeGame.Tests.PlayMode.UpgradePurchaseSceneTests" runstate="Runnable" seed="2035970961" result="Passed" start-time="2026-07-17 13:53:13Z" end-time="2026-07-17 13:53:13Z" duration="0.487002" asserts="0">
                <properties>
                  <property name="_JOINTYPE" value="UnityCombinatorial" />
                  <property name="retryIteration" value="0" />
                  <property name="repeatIteration" value="0" />
                </properties>
              </test-case>
            </test-suite>
            <test-suite type="TestFixture" id="1170" name="WavePulseSceneTests" fullname="ForgeGame.Tests.PlayMode.WavePulseSceneTests" classname="ForgeGame.Tests.PlayMode.WavePulseSceneTests" runstate="Runnable" testcasecount="2" result="Passed" start-time="2026-07-17 13:53:13Z" end-time="2026-07-17 13:53:25Z" duration="11.808132" total="2" passed="2" failed="0" inconclusive="0" skipped="0" asserts="0">
              <properties />
              <test-case id="1172" name="GameHudCanvas_StillScreenSpaceCamera_WithWaveScaleFeature" fullname="ForgeGame.Tests.PlayMode.WavePulseSceneTests.GameHudCanvas_StillScreenSpaceCamera_WithWaveScaleFeature" methodname="GameHudCanvas_StillScreenSpaceCamera_WithWaveScaleFeature" classname="ForgeGame.Tests.PlayMode.WavePulseSceneTests" runstate="Runnable" seed="1415932050" result="Passed" start-time="2026-07-17 13:53:13Z" end-time="2026-07-17 13:53:13Z" duration="0.259425" asserts="0">
                <properties>
                  <property name="_JOINTYPE" value="UnityCombinatorial" />
                  <property name="retryIteration" value="0" />
                  <property name="repeatIteration" value="0" />
                </properties>
                <output><![CDATA[[Wiring] SessionHolder missing at Game (not loaded via Boot, or session state lost); using base PLAYER_MOVE_SPEED (Lv0)
[Wiring] SessionHolder missing at Game (not loaded via Boot, or session state lost); using base AUTO_ATTACK_DAMAGE_BASE (Lv0)
[Wiring] SessionHolder missing at Game (not loaded via Boot, or session state lost); using base PLAYER_MAX_HP_BASE (Lv0)
]]></output>
              </test-case>
              <test-case id="1171" name="WaveIncrease_TriggersWaveStartSfxExactlyOnce_AndPulsesHudWaveScale" fullname="ForgeGame.Tests.PlayMode.WavePulseSceneTests.WaveIncrease_TriggersWaveStartSfxExactlyOnce_AndPulsesHudWaveScale" methodname="WaveIncrease_TriggersWaveStartSfxExactlyOnce_AndPulsesHudWaveScale" classname="ForgeGame.Tests.PlayMode.WavePulseSceneTests" runstate="Runnable" seed="510924671" result="Passed" start-time="2026-07-17 13:53:13Z" end-time="2026-07-17 13:53:25Z" duration="11.547050" asserts="0">
                <properties>
                  <property name="_JOINTYPE" value="UnityCombinatorial" />
                  <property name="retryIteration" value="0" />
                  <property name="repeatIteration" value="0" />
                </properties>
                <output><![CDATA[[Wiring] SessionHolder missing at Game (not loaded via Boot, or session state lost); using base PLAYER_MOVE_SPEED (Lv0)
[Wiring] SessionHolder missing at Game (not loaded via Boot, or session state lost); using base AUTO_ATTACK_DAMAGE_BASE (Lv0)
[Wiring] SessionHolder missing at Game (not loaded via Boot, or session state lost); using base PLAYER_MAX_HP_BASE (Lv0)
]]></output>
              </test-case>
            </test-suite>
          </test-suite>
        </test-suite>
      </test-suite>
    </test-suite>
    <test-suite type="Assembly" id="1180" name="Unity.InputSystem.IntegrationTests.dll" fullname="<repo>/game/Library/ScriptAssemblies/Unity.InputSystem.IntegrationTests.dll" runstate="Runnable" testcasecount="2" result="Passed" start-time="2026-07-17 13:53:25Z" end-time="2026-07-17 13:53:25Z" duration="0.012752" total="2" passed="2" failed="0" inconclusive="0" skipped="0" asserts="0">
      <properties>
        <property name="_PID" value="3097" />
        <property name="_APPDOMAIN" value="Unity Child Domain" />
        <property name="platform" value="PlayMode" />
        <property name="EditorOnly" value="False" />
      </properties>
      <test-suite type="TestFixture" id="1177" name="IntegrationTests" fullname="IntegrationTests" classname="IntegrationTests" runstate="Runnable" testcasecount="2" result="Passed" start-time="2026-07-17 13:53:25Z" end-time="2026-07-17 13:53:25Z" duration="0.011907" total="2" passed="2" failed="0" inconclusive="0" skipped="0" asserts="0">
        <properties />
        <test-case id="1179" name="Integration_CanChangeInputBackendPlayerSettingInEditor" fullname="IntegrationTests.Integration_CanChangeInputBackendPlayerSettingInEditor" methodname="Integration_CanChangeInputBackendPlayerSettingInEditor" classname="IntegrationTests" runstate="Runnable" seed="414311952" result="Passed" start-time="2026-07-17 13:53:25Z" end-time="2026-07-17 13:53:25Z" duration="0.005041" asserts="0">
          <properties>
            <property name="Category" value="Integration" />
            <property name="retryIteration" value="0" />
            <property name="repeatIteration" value="0" />
          </properties>
        </test-case>
        <test-case id="1178" name="Integration_CanSendAndReceiveEvents" fullname="IntegrationTests.Integration_CanSendAndReceiveEvents" methodname="Integration_CanSendAndReceiveEvents" classname="IntegrationTests" runstate="Runnable" seed="66671327" result="Passed" start-time="2026-07-17 13:53:25Z" end-time="2026-07-17 13:53:25Z" duration="0.005192" asserts="0">
          <properties>
            <property name="Category" value="Integration" />
            <property name="retryIteration" value="0" />
            <property name="repeatIteration" value="0" />
          </properties>
          <output><![CDATA[Saving results to: <path-redacted> Support/DefaultCompany/game/TestResults.xml
]]></output>
        </test-case>
      </test-suite>
    </test-suite>
  </test-suite>
</test-run>